Using pre-set license
Built from '2020.3/staging' branch; Version is '2020.3.0f1 (c7b5465681fb) revision 13088070'; Using compiler version '192528614'; Build Type 'Release'
OS: 'Windows 10 Education; OS build 19042.1237; Version 2009; 64bit' Language: 'ko' Physical Memory: 16341 MB
BatchMode: 1, IsHumanControllingUs: 0, StartBugReporterOnCrash: 0, Is64bit: 1, IsPro: 0

 COMMAND LINE ARGUMENTS:
G:\Program Files\2020.3.0f1\Editor\Unity.exe
-adb2
-batchMode
-noUpm
-name
AssetImportWorker0
-projectPath
G:/That Folder/1TerritoryMarking/Make/2021GameJam/ProjectFolder/Team4BugProject
-logFile
Logs/AssetImportWorker0.log
-srvPort
52917
Successfully changed project path to: G:/That Folder/1TerritoryMarking/Make/2021GameJam/ProjectFolder/Team4BugProject
G:/That Folder/1TerritoryMarking/Make/2021GameJam/ProjectFolder/Team4BugProject
Using Asset Import Pipeline V2.
Refreshing native plugins compatible for Editor in 40.30 ms, found 1 plugins.
Preloading 0 native plugins for Editor in 0.00 ms.
Initialize engine version: 2020.3.0f1 (c7b5465681fb)
[Subsystems] Discovering subsystems at path G:/Program Files/2020.3.0f1/Editor/Data/Resources/UnitySubsystems
[Subsystems] Discovering subsystems at path G:/That Folder/1TerritoryMarking/Make/2021GameJam/ProjectFolder/Team4BugProject/Assets
GfxDevice: creating device client; threaded=0
Direct3D:
    Version:  Direct3D 11.0 [level 11.1]
    Renderer: NVIDIA GeForce GTX 970 (ID=0x13c2)
    Vendor:   
    VRAM:     4043 MB
    Driver:   27.21.14.5671
Initialize mono
Mono path[0] = 'G:/Program Files/2020.3.0f1/Editor/Data/Managed'
Mono path[1] = 'G:/Program Files/2020.3.0f1/Editor/Data/MonoBleedingEdge/lib/mono/unityjit'
Mono config path = 'G:/Program Files/2020.3.0f1/Editor/Data/MonoBleedingEdge/etc'
Using monoOptions --debugger-agent=transport=dt_socket,embedding=1,server=y,suspend=n,address=127.0.0.1:56440
Begin MonoManager ReloadAssembly
Registering precompiled unity dll's ...
Register platform support module: G:/Program Files/2020.3.0f1/Editor/Data/PlaybackEngines/WindowsStandaloneSupport/UnityEditor.WindowsStandalone.Extensions.dll
Registered in 0.001731 seconds.
Native extension for WindowsStandalone target not found
Refreshing native plugins compatible for Editor in 35.74 ms, found 1 plugins.
Preloading 0 native plugins for Editor in 0.00 ms.
Invoked RoslynAnalysisRunner static constructor.
RoslynAnalysisRunner will not be running.
RoslynAnalysisRunner has terminated.
Mono: successfully reloaded assembly
- Completed reload, in  2.176 seconds
Platform modules already initialized, skipping
Registering precompiled user dll's ...
Registered in 0.001275 seconds.
Begin MonoManager ReloadAssembly
Native extension for WindowsStandalone target not found
Refreshing native plugins compatible for Editor in 34.46 ms, found 1 plugins.
Preloading 0 native plugins for Editor in 0.00 ms.
Invoked RoslynAnalysisRunner static constructor.
RoslynAnalysisRunner will not be running.
RoslynAnalysisRunner has terminated.
Mono: successfully reloaded assembly
- Completed reload, in  0.914 seconds
Platform modules already initialized, skipping
========================================================================
Worker process is ready to serve import requests
Launched and connected shader compiler UnityShaderCompiler.exe after 0.06 seconds
Refreshing native plugins compatible for Editor in 0.41 ms, found 1 plugins.
Preloading 0 native plugins for Editor in 0.00 ms.
Unloading 1833 Unused Serialized files (Serialized files now loaded: 0)
System memory in use before: 85.8 MB.
System memory in use after: 85.8 MB.

Unloading 24 unused Assets to reduce memory usage. Loaded Objects now: 2276.
Total: 1.794300 ms (FindLiveObjects: 0.194000 ms CreateObjectMapping: 0.074200 ms MarkObjects: 1.412100 ms  DeleteObjects: 0.113100 ms)

========================================================================
Received Import Request.
  path: Assets/Sprites/re
  artifactKey: Guid(41057da07bfe5ba499c8b8d1dad51053) Importer(815301076,1909f56bfc062723c751e8b465ee728b)
Start importing Assets/Sprites/re using Guid(41057da07bfe5ba499c8b8d1dad51053) Importer(815301076,1909f56bfc062723c751e8b465ee728b)  -> (artifact id: '72b4c1369c0cdca35cfe20e3b19f1d07') in 0.005531 seconds
  Import took 0.008239 seconds .

========================================================================
Received Import Request.
  Time since last request: 0.000237 seconds.
  path: Assets/Sprites/DungGeunMo.ttf
  artifactKey: Guid(722d3af7b8a86494c9f9400904ac9113) Importer(815301076,1909f56bfc062723c751e8b465ee728b)
Start importing Assets/Sprites/DungGeunMo.ttf using Guid(722d3af7b8a86494c9f9400904ac9113) Importer(815301076,1909f56bfc062723c751e8b465ee728b)  -> (artifact id: 'ce226d6d16e330c3d899de6910f9a30c') in 0.307035 seconds
  Import took 0.309761 seconds .

========================================================================
Received Import Request.
  Time since last request: 0.000316 seconds.
  path: Assets/Sprites/KakaoTalk_20211009_193500419.png
  artifactKey: Guid(5a89c87c1085fc94495a0e1387fec822) Importer(815301076,1909f56bfc062723c751e8b465ee728b)
Start importing Assets/Sprites/KakaoTalk_20211009_193500419.png using Guid(5a89c87c1085fc94495a0e1387fec822) Importer(815301076,1909f56bfc062723c751e8b465ee728b)  -> (artifact id: '3b7e67c7098f2a6046a10deddc5233fe') in 0.103530 seconds
  Import took 0.106167 seconds .

========================================================================
Received Import Request.
  Time since last request: 3.607459 seconds.
  path: Assets/Sprites/re_button/2bin.png
  artifactKey: Guid(720c73df59486344db08f1957c0dfea4) Importer(815301076,1909f56bfc062723c751e8b465ee728b)
Start importing Assets/Sprites/re_button/2bin.png using Guid(720c73df59486344db08f1957c0dfea4) Importer(815301076,1909f56bfc062723c751e8b465ee728b)  -> (artifact id: '7d5ad024edc6b65310a831797a2ec09d') in 0.027187 seconds
  Import took 0.030329 seconds .

========================================================================
Received Import Request.
  Time since last request: 0.000320 seconds.
  path: Assets/Sprites/re_button/2window_2.png
  artifactKey: Guid(482edcb746a63724da86b0144134577a) Importer(815301076,1909f56bfc062723c751e8b465ee728b)
Start importing Assets/Sprites/re_button/2window_2.png using Guid(482edcb746a63724da86b0144134577a) Importer(815301076,1909f56bfc062723c751e8b465ee728b)  -> (artifact id: '573622eb2d5e591df2ac7eeaf44e6b35') in 0.011179 seconds
  Import took 0.013947 seconds .

========================================================================
Received Import Request.
  Time since last request: 0.000266 seconds.
  path: Assets/Sprites/re_button/2window_1.png
  artifactKey: Guid(3b29fda0ce7a7814b8c42791a94571be) Importer(815301076,1909f56bfc062723c751e8b465ee728b)
Start importing Assets/Sprites/re_button/2window_1.png using Guid(3b29fda0ce7a7814b8c42791a94571be) Importer(815301076,1909f56bfc062723c751e8b465ee728b)  -> (artifact id: 'bd9251964558fac0b263434f060da00d') in 0.009463 seconds
  Import took 0.013207 seconds .

========================================================================
Received Import Request.
  Time since last request: 0.000282 seconds.
  path: Assets/Sprites/re_button/2kitchen_1.png
  artifactKey: Guid(d1c0c0e2ef074474197a68d0624a0abc) Importer(815301076,1909f56bfc062723c751e8b465ee728b)
Start importing Assets/Sprites/re_button/2kitchen_1.png using Guid(d1c0c0e2ef074474197a68d0624a0abc) Importer(815301076,1909f56bfc062723c751e8b465ee728b)  -> (artifact id: '3c7fa29449f69305949432dec64d2254') in 0.011993 seconds
  Import took 0.015907 seconds .

========================================================================
Received Import Request.
  Time since last request: 0.000293 seconds.
  path: Assets/Sprites/re_button/2kitchen_2.png
  artifactKey: Guid(6b901d10962201c43bce3f138a292370) Importer(815301076,1909f56bfc062723c751e8b465ee728b)
Start importing Assets/Sprites/re_button/2kitchen_2.png using Guid(6b901d10962201c43bce3f138a292370) Importer(815301076,1909f56bfc062723c751e8b465ee728b)  -> (artifact id: 'bebea32fa02d3d7486b6d716e3dd94f6') in 0.010041 seconds
  Import took 0.013706 seconds .

========================================================================
Received Import Request.
  Time since last request: 0.000301 seconds.
  path: Assets/Sprites/re_button/2toilet_1.png
  artifactKey: Guid(d5c81e36e46326f4baf4d8992dba8303) Importer(815301076,1909f56bfc062723c751e8b465ee728b)
Start importing Assets/Sprites/re_button/2toilet_1.png using Guid(d5c81e36e46326f4baf4d8992dba8303) Importer(815301076,1909f56bfc062723c751e8b465ee728b)  -> (artifact id: '039ae6f7eaa635be9156b865bd6cf231') in 0.013132 seconds
  Import took 0.016842 seconds .

========================================================================
Received Import Request.
  Time since last request: 0.000299 seconds.
  path: Assets/Sprites/re_button/2toilet_2.png
  artifactKey: Guid(530b161a2b04008489dd9a27de9b35bf) Importer(815301076,1909f56bfc062723c751e8b465ee728b)
Start importing Assets/Sprites/re_button/2toilet_2.png using Guid(530b161a2b04008489dd9a27de9b35bf) Importer(815301076,1909f56bfc062723c751e8b465ee728b)  -> (artifact id: '1e3c27757c17827ae13d0a718d82fc04') in 0.011324 seconds
  Import took 0.014677 seconds .

========================================================================
Received Import Request.
  Time since last request: 82.132605 seconds.
  path: Assets/Sprites/re/r_bin.png
  artifactKey: Guid(1923ba671b80bf7419f24766f013fa9c) Importer(815301076,1909f56bfc062723c751e8b465ee728b)
Start importing Assets/Sprites/re/r_bin.png using Guid(1923ba671b80bf7419f24766f013fa9c) Importer(815301076,1909f56bfc062723c751e8b465ee728b)  -> (artifact id: '8573500b17b5e2560b9d81c26f94cbfc') in 0.014836 seconds
  Import took 0.029766 seconds .

========================================================================
Received Import Request.
  Time since last request: 0.000290 seconds.
  path: Assets/Sprites/re/r_continue.png
  artifactKey: Guid(c98d917447be2bb408077def57407d70) Importer(815301076,1909f56bfc062723c751e8b465ee728b)
Start importing Assets/Sprites/re/r_continue.png using Guid(c98d917447be2bb408077def57407d70) Importer(815301076,1909f56bfc062723c751e8b465ee728b)  -> (artifact id: '2bc4954e3171ad5ea8699b71331025f9') in 0.011127 seconds
  Import took 0.013825 seconds .

========================================================================
Received Import Request.
  Time since last request: 0.000264 seconds.
  path: Assets/Sprites/re/r_home.png
  artifactKey: Guid(16621859d0f8df84f8c90b3e1ccbaa00) Importer(815301076,1909f56bfc062723c751e8b465ee728b)
Start importing Assets/Sprites/re/r_home.png using Guid(16621859d0f8df84f8c90b3e1ccbaa00) Importer(815301076,1909f56bfc062723c751e8b465ee728b)  -> (artifact id: '686b5a67a3346299c5049d51c41aa49d') in 0.010081 seconds
  Import took 0.012954 seconds .

========================================================================
Received Import Request.
  Time since last request: 0.000297 seconds.
  path: Assets/Sprites/re/r_start_new.png
  artifactKey: Guid(1dd62db954aab7245a40d07120a0c1b3) Importer(815301076,1909f56bfc062723c751e8b465ee728b)
Start importing Assets/Sprites/re/r_start_new.png using Guid(1dd62db954aab7245a40d07120a0c1b3) Importer(815301076,1909f56bfc062723c751e8b465ee728b)  -> (artifact id: '5181a6c302c7c86f30c7903d32870853') in 0.009896 seconds
  Import took 0.012643 seconds .

========================================================================
Received Import Request.
  Time since last request: 0.000258 seconds.
  path: Assets/Sprites/re/r_toilet2.png
  artifactKey: Guid(d9c4a77b86929f640b75c18c978aeba8) Importer(815301076,1909f56bfc062723c751e8b465ee728b)
Start importing Assets/Sprites/re/r_toilet2.png using Guid(d9c4a77b86929f640b75c18c978aeba8) Importer(815301076,1909f56bfc062723c751e8b465ee728b)  -> (artifact id: '18680220bcd4d38d73eef8fcfccc1460') in 0.009527 seconds
  Import took 0.012264 seconds .

========================================================================
Received Import Request.
  Time since last request: 0.000285 seconds.
  path: Assets/Sprites/re/r_xbutton.png
  artifactKey: Guid(819b8033c84df7c4e90dbebf572bb747) Importer(815301076,1909f56bfc062723c751e8b465ee728b)
Start importing Assets/Sprites/re/r_xbutton.png using Guid(819b8033c84df7c4e90dbebf572bb747) Importer(815301076,1909f56bfc062723c751e8b465ee728b)  -> (artifact id: '7103200f47ff1edacea5d58be4def414') in 0.011278 seconds
  Import took 0.013962 seconds .

========================================================================
Received Import Request.
  Time since last request: 0.000222 seconds.
  path: Assets/Sprites/re/r_window2.png
  artifactKey: Guid(1fa3ec24434157b4cabf141c6ac11ef7) Importer(815301076,1909f56bfc062723c751e8b465ee728b)
Start importing Assets/Sprites/re/r_window2.png using Guid(1fa3ec24434157b4cabf141c6ac11ef7) Importer(815301076,1909f56bfc062723c751e8b465ee728b)  -> (artifact id: 'c402f725b356a485bb9cd92345e21301') in 0.009911 seconds
  Import took 0.012464 seconds .

========================================================================
Received Import Request.
  Time since last request: 0.000300 seconds.
  path: Assets/Sprites/re/r_toilet.png
  artifactKey: Guid(ae3e431a176707d4787b7de9c3cc5298) Importer(815301076,1909f56bfc062723c751e8b465ee728b)
Start importing Assets/Sprites/re/r_toilet.png using Guid(ae3e431a176707d4787b7de9c3cc5298) Importer(815301076,1909f56bfc062723c751e8b465ee728b)  -> (artifact id: 'c4cc50e11ca8e2dc1116264327d11d1f') in 0.013265 seconds
  Import took 0.016455 seconds .

========================================================================
Received Import Request.
  Time since last request: 0.000295 seconds.
  path: Assets/Sprites/re/r_kitchen2.png
  artifactKey: Guid(a1c03b82abf8a4744a035c91acabf962) Importer(815301076,1909f56bfc062723c751e8b465ee728b)
Start importing Assets/Sprites/re/r_kitchen2.png using Guid(a1c03b82abf8a4744a035c91acabf962) Importer(815301076,1909f56bfc062723c751e8b465ee728b)  -> (artifact id: '8e908207970ce03777205d43ea5b16b6') in 0.012513 seconds
  Import took 0.015814 seconds .

========================================================================
Received Import Request.
  Time since last request: 0.000266 seconds.
  path: Assets/Sprites/re/r_window1.png
  artifactKey: Guid(5a8e1f2e8be37f2458f21ddaa942289e) Importer(815301076,1909f56bfc062723c751e8b465ee728b)
Start importing Assets/Sprites/re/r_window1.png using Guid(5a8e1f2e8be37f2458f21ddaa942289e) Importer(815301076,1909f56bfc062723c751e8b465ee728b)  -> (artifact id: 'd8828c5f7b790dc5be64b1d36c7ccad5') in 0.013294 seconds
  Import took 0.017619 seconds .

========================================================================
Received Import Request.
  Time since last request: 0.000296 seconds.
  path: Assets/Sprites/re/r_right.png
  artifactKey: Guid(c5b7214d492c64c49923fb18f6354eac) Importer(815301076,1909f56bfc062723c751e8b465ee728b)
Start importing Assets/Sprites/re/r_right.png using Guid(c5b7214d492c64c49923fb18f6354eac) Importer(815301076,1909f56bfc062723c751e8b465ee728b)  -> (artifact id: 'cdbd859b560954288bc0b0fb90525dc1') in 0.014442 seconds
  Import took 0.017524 seconds .

========================================================================
Received Import Request.
  Time since last request: 0.000339 seconds.
  path: Assets/Sprites/re/r_kitchen1.png
  artifactKey: Guid(0587c37596583144bbe9a47ed775d838) Importer(815301076,1909f56bfc062723c751e8b465ee728b)
Start importing Assets/Sprites/re/r_kitchen1.png using Guid(0587c37596583144bbe9a47ed775d838) Importer(815301076,1909f56bfc062723c751e8b465ee728b)  -> (artifact id: '17f3f2ae15005bbd0c9e478127e294d7') in 0.012064 seconds
  Import took 0.014974 seconds .

========================================================================
Received Import Request.
  Time since last request: 16.441693 seconds.
  path: Assets/Sprites/re/debug_window.png
  artifactKey: Guid(3e35a666a4f20e54f8e5ff8d4e67ca57) Importer(815301076,1909f56bfc062723c751e8b465ee728b)
Start importing Assets/Sprites/re/debug_window.png using Guid(3e35a666a4f20e54f8e5ff8d4e67ca57) Importer(815301076,1909f56bfc062723c751e8b465ee728b)  -> (artifact id: 'a6f26907fb6f0b9a738cd6fc34246eb8') in 0.054481 seconds
  Import took 0.057332 seconds .

========================================================================
Received Import Request.
  Time since last request: 0.000317 seconds.
  path: Assets/Sprites/re/r_ex1.png
  artifactKey: Guid(18403e6483c068d4485dfe329f938fad) Importer(815301076,1909f56bfc062723c751e8b465ee728b)
Start importing Assets/Sprites/re/r_ex1.png using Guid(18403e6483c068d4485dfe329f938fad) Importer(815301076,1909f56bfc062723c751e8b465ee728b)  -> (artifact id: 'd99d64f217c9c981930eb3c87e424e63') in 0.029480 seconds
  Import took 0.032141 seconds .

========================================================================
Received Import Request.
  Time since last request: 0.000314 seconds.
  path: Assets/Sprites/re/r_credit.png
  artifactKey: Guid(5ad92d62e7ccd1e48a6a2df8554c830a) Importer(815301076,1909f56bfc062723c751e8b465ee728b)
Start importing Assets/Sprites/re/r_credit.png using Guid(5ad92d62e7ccd1e48a6a2df8554c830a) Importer(815301076,1909f56bfc062723c751e8b465ee728b)  -> (artifact id: '1db6d76e0e3ff800843535d8806806fa') in 0.031544 seconds
  Import took 0.034973 seconds .

========================================================================
Received Import Request.
  Time since last request: 0.000269 seconds.
  path: Assets/Sprites/re/r_ex3.png
  artifactKey: Guid(a77510cf642347d44829423a2764f01a) Importer(815301076,1909f56bfc062723c751e8b465ee728b)
Start importing Assets/Sprites/re/r_ex3.png using Guid(a77510cf642347d44829423a2764f01a) Importer(815301076,1909f56bfc062723c751e8b465ee728b)  -> (artifact id: 'd0fb0d7c2c59c7a1978d474b99629982') in 0.017130 seconds
  Import took 0.020748 seconds .

========================================================================
Received Import Request.
  Time since last request: 0.000366 seconds.
  path: Assets/Sprites/re/r_pause.png
  artifactKey: Guid(90e59c92a6a87d140a344568bb6fb9e6) Importer(815301076,1909f56bfc062723c751e8b465ee728b)
Start importing Assets/Sprites/re/r_pause.png using Guid(90e59c92a6a87d140a344568bb6fb9e6) Importer(815301076,1909f56bfc062723c751e8b465ee728b)  -> (artifact id: '4de279fe199f594163cb58f148e3ca4e') in 0.047630 seconds
  Import took 0.051104 seconds .

========================================================================
Received Import Request.
  Time since last request: 0.000257 seconds.
  path: Assets/Sprites/re/r_ex5.png
  artifactKey: Guid(f78fee1499e5cbd488d731fc306ac576) Importer(815301076,1909f56bfc062723c751e8b465ee728b)
Start importing Assets/Sprites/re/r_ex5.png using Guid(f78fee1499e5cbd488d731fc306ac576) Importer(815301076,1909f56bfc062723c751e8b465ee728b)  -> (artifact id: '4d5d8e36e81fbd24cd0132fb78d7a108') in 0.017823 seconds
  Import took 0.021367 seconds .

========================================================================
Received Import Request.
  Time since last request: 0.000239 seconds.
  path: Assets/Sprites/re/r_ex2.png
  artifactKey: Guid(bf7942b5443898a44843f0945cfc8b69) Importer(815301076,1909f56bfc062723c751e8b465ee728b)
Start importing Assets/Sprites/re/r_ex2.png using Guid(bf7942b5443898a44843f0945cfc8b69) Importer(815301076,1909f56bfc062723c751e8b465ee728b)  -> (artifact id: 'cd7b65377ade0c212bcdbe4ce6e086f5') in 0.014438 seconds
  Import took 0.017244 seconds .

========================================================================
Received Import Request.
  Time since last request: 0.000210 seconds.
  path: Assets/Sprites/re/r_ex4.png
  artifactKey: Guid(c3ec6966fa55084449feeec1a58c2cb7) Importer(815301076,1909f56bfc062723c751e8b465ee728b)
Start importing Assets/Sprites/re/r_ex4.png using Guid(c3ec6966fa55084449feeec1a58c2cb7) Importer(815301076,1909f56bfc062723c751e8b465ee728b)  -> (artifact id: 'c7164e727cacf28d00cf678b9d05e0f0') in 0.015062 seconds
  Import took 0.017716 seconds .

========================================================================
Received Import Request.
  Time since last request: 0.000210 seconds.
  path: Assets/Sprites/re/r_gameclear.png
  artifactKey: Guid(89e73083ccca8d540a2a1ab5bd734532) Importer(815301076,1909f56bfc062723c751e8b465ee728b)
Start importing Assets/Sprites/re/r_gameclear.png using Guid(89e73083ccca8d540a2a1ab5bd734532) Importer(815301076,1909f56bfc062723c751e8b465ee728b)  -> (artifact id: '4f83297c7b2ef807dbfcc3e51981fc34') in 0.029878 seconds
  Import took 0.032558 seconds .

========================================================================
Received Import Request.
  Time since last request: 0.000265 seconds.
  path: Assets/Sprites/re/r_gameover.png
  artifactKey: Guid(73d7a4d0461712f46aaeb7f9255aa243) Importer(815301076,1909f56bfc062723c751e8b465ee728b)
Start importing Assets/Sprites/re/r_gameover.png using Guid(73d7a4d0461712f46aaeb7f9255aa243) Importer(815301076,1909f56bfc062723c751e8b465ee728b)  -> (artifact id: '09ac253809e0619c1c8884b1a6c0a206') in 0.031583 seconds
  Import took 0.034395 seconds .

========================================================================
Received Import Request.
  Time since last request: 0.000308 seconds.
  path: Assets/Sprites/re/r_title2.png
  artifactKey: Guid(b6c415a8b01e76347a46f06ea910ff02) Importer(815301076,1909f56bfc062723c751e8b465ee728b)
Start importing Assets/Sprites/re/r_title2.png using Guid(b6c415a8b01e76347a46f06ea910ff02) Importer(815301076,1909f56bfc062723c751e8b465ee728b)  -> (artifact id: '1b0742c59824d29229399f154aaaa12a') in 0.014096 seconds
  Import took 0.016754 seconds .

========================================================================
Received Import Request.
  Time since last request: 0.000225 seconds.
  path: Assets/Sprites/re/r_title.png
  artifactKey: Guid(1e2ec60c30d045e4c98a00f5436793f9) Importer(815301076,1909f56bfc062723c751e8b465ee728b)
Start importing Assets/Sprites/re/r_title.png using Guid(1e2ec60c30d045e4c98a00f5436793f9) Importer(815301076,1909f56bfc062723c751e8b465ee728b)  -> (artifact id: '5182f11a1608bf7fb3df682bdc9276c9') in 0.014024 seconds
  Import took 0.016658 seconds .

========================================================================
Received Import Request.
  Time since last request: 95.590487 seconds.
  path: Assets/Sprites/re/NanumGothic.ttf
  artifactKey: Guid(07ceafc9a9f55804e963fc45984d4b3a) Importer(815301076,1909f56bfc062723c751e8b465ee728b)
Start importing Assets/Sprites/re/NanumGothic.ttf using Guid(07ceafc9a9f55804e963fc45984d4b3a) Importer(815301076,1909f56bfc062723c751e8b465ee728b)  -> (artifact id: '837aaa7920164737c774cf6f5c8a4b1c') in 0.015134 seconds
  Import took 0.018501 seconds .

========================================================================
Received Import Request.
  Time since last request: 0.000307 seconds.
  path: Assets/Sprites/re/NanumGothicLight.ttf
  artifactKey: Guid(1c74114dbf5ac58448d20fd024595e2a) Importer(815301076,1909f56bfc062723c751e8b465ee728b)
Start importing Assets/Sprites/re/NanumGothicLight.ttf using Guid(1c74114dbf5ac58448d20fd024595e2a) Importer(815301076,1909f56bfc062723c751e8b465ee728b)  -> (artifact id: '21ab2d0cce89a259635ab9a79ed3902e') in 0.012473 seconds
  Import took 0.015248 seconds .

========================================================================
Received Import Request.
  Time since last request: 0.000364 seconds.
  path: Assets/Sprites/re/NanumGothicBold.ttf
  artifactKey: Guid(ecb90e82874218349b74a1a90cce3e7c) Importer(815301076,1909f56bfc062723c751e8b465ee728b)
Start importing Assets/Sprites/re/NanumGothicBold.ttf using Guid(ecb90e82874218349b74a1a90cce3e7c) Importer(815301076,1909f56bfc062723c751e8b465ee728b)  -> (artifact id: 'ad025984fc982113a52e08ed95049d8b') in 0.014382 seconds
  Import took 0.017131 seconds .

========================================================================
Received Import Request.
  Time since last request: 0.000271 seconds.
  path: Assets/Sprites/re/NanumGothicExtraBold.ttf
  artifactKey: Guid(b3992ddcc7c5bcc49a6736dd6a3c3c9a) Importer(815301076,1909f56bfc062723c751e8b465ee728b)
Start importing Assets/Sprites/re/NanumGothicExtraBold.ttf using Guid(b3992ddcc7c5bcc49a6736dd6a3c3c9a) Importer(815301076,1909f56bfc062723c751e8b465ee728b)  -> (artifact id: 'bcdcd1d450037d7dc14f45273d286613') in 0.017275 seconds
  Import took 0.021636 seconds .

========================================================================
Received Import Request.
  Time since last request: 172.378388 seconds.
  path: Assets/Sprites/button2/bin.png
  artifactKey: Guid(c739358e98766334998d7a33601d3922) Importer(815301076,1909f56bfc062723c751e8b465ee728b)
Start importing Assets/Sprites/button2/bin.png using Guid(c739358e98766334998d7a33601d3922) Importer(815301076,1909f56bfc062723c751e8b465ee728b)  -> (artifact id: 'ad0c427a4780d945e87519759ecaeed3') in 0.192731 seconds
  Import took 0.196164 seconds .

========================================================================
Received Import Request.
  Time since last request: 0.000236 seconds.
  path: Assets/Sprites/Button/bin_button.png
  artifactKey: Guid(38403b9b8d3d3ae458e08c94ac7a5fd3) Importer(815301076,1909f56bfc062723c751e8b465ee728b)
Start importing Assets/Sprites/Button/bin_button.png using Guid(38403b9b8d3d3ae458e08c94ac7a5fd3) Importer(815301076,1909f56bfc062723c751e8b465ee728b)  -> (artifact id: 'c5edd50ec5409966a71826402f718746') in 0.057842 seconds
  Import took 0.060570 seconds .

========================================================================
Received Import Request.
  Time since last request: 0.000399 seconds.
  path: Assets/Sprites/ButtonSprites/bin.png
  artifactKey: Guid(b44b9dc8cbcda6a489ad8d1dc9b2e4cd) Importer(815301076,1909f56bfc062723c751e8b465ee728b)
Start importing Assets/Sprites/ButtonSprites/bin.png using Guid(b44b9dc8cbcda6a489ad8d1dc9b2e4cd) Importer(815301076,1909f56bfc062723c751e8b465ee728b)  -> (artifact id: 'b92bc9ec30a4e23208af0b41be258517') in 0.035333 seconds
  Import took 0.038464 seconds .

========================================================================
Received Import Request.
  Time since last request: 0.548605 seconds.
  path: Assets/Sprites/Dumy/ButtonSprites/bin_button.png
  artifactKey: Guid(9a36e36539319a54a8d3f9dc75e798d3) Importer(815301076,1909f56bfc062723c751e8b465ee728b)
Start importing Assets/Sprites/Dumy/ButtonSprites/bin_button.png using Guid(9a36e36539319a54a8d3f9dc75e798d3) Importer(815301076,1909f56bfc062723c751e8b465ee728b)  -> (artifact id: '5eb4a7422e0bd6c842859527ee5c71f7') in 0.033669 seconds
  Import took 0.036643 seconds .

========================================================================
Received Import Request.
  Time since last request: 0.000277 seconds.
  path: Assets/Sprites/UISprites_1/catch_bug.png
  artifactKey: Guid(f63837d6f1d49b7499d476527cc9c248) Importer(815301076,1909f56bfc062723c751e8b465ee728b)
Start importing Assets/Sprites/UISprites_1/catch_bug.png using Guid(f63837d6f1d49b7499d476527cc9c248) Importer(815301076,1909f56bfc062723c751e8b465ee728b)  -> (artifact id: '8782177f7747eba42b575d915432f7ee') in 0.032232 seconds
  Import took 0.035219 seconds .

========================================================================
Received Import Request.
  Time since last request: 0.000256 seconds.
  path: Assets/Sprites/UISprites_1/code_gauge.png
  artifactKey: Guid(19a405c7dae11574e8116f0fd5c07012) Importer(815301076,1909f56bfc062723c751e8b465ee728b)
Start importing Assets/Sprites/UISprites_1/code_gauge.png using Guid(19a405c7dae11574e8116f0fd5c07012) Importer(815301076,1909f56bfc062723c751e8b465ee728b)  -> (artifact id: '3020bf4045f542518b9a0ff514afcba0') in 0.042010 seconds
  Import took 0.045093 seconds .

========================================================================
Received Import Request.
  Time since last request: 0.000314 seconds.
  path: Assets/Sprites/Dumy/com.png
  artifactKey: Guid(23549803252331347b4de9d54d44829e) Importer(815301076,1909f56bfc062723c751e8b465ee728b)
Start importing Assets/Sprites/Dumy/com.png using Guid(23549803252331347b4de9d54d44829e) Importer(815301076,1909f56bfc062723c751e8b465ee728b)  -> (artifact id: 'fffae65ea7d50bd3a743c5844cdda172') in 0.058542 seconds
  Import took 0.061551 seconds .

========================================================================
Received Import Request.
  Time since last request: 0.000310 seconds.
  path: Assets/Sprites/source/credit.png
  artifactKey: Guid(5fbd7496ad3b26f4896eed793e962e37) Importer(815301076,1909f56bfc062723c751e8b465ee728b)
Start importing Assets/Sprites/source/credit.png using Guid(5fbd7496ad3b26f4896eed793e962e37) Importer(815301076,1909f56bfc062723c751e8b465ee728b)  -> (artifact id: '4d5fa76d23691b629440f6f8eff97da8') in 0.193661 seconds
  Import took 0.197952 seconds .

========================================================================
Received Import Request.
  Time since last request: 0.000488 seconds.
  path: Assets/Sprites/ui_1/code_gauge.png
  artifactKey: Guid(cc0ac2184478bbd4dbbeb6a574a93385) Importer(815301076,1909f56bfc062723c751e8b465ee728b)
Start importing Assets/Sprites/ui_1/code_gauge.png using Guid(cc0ac2184478bbd4dbbeb6a574a93385) Importer(815301076,1909f56bfc062723c751e8b465ee728b)  -> (artifact id: 'dddf69f6d5a553fdb2f3fde6e9ac18fb') in 0.023946 seconds
  Import took 0.028779 seconds .

========================================================================
Received Import Request.
  Time since last request: 0.000281 seconds.
  path: Assets/Sprites/result/continue.png
  artifactKey: Guid(05dd8ab961fa9f94f9be96ea274bf5f2) Importer(815301076,1909f56bfc062723c751e8b465ee728b)
Start importing Assets/Sprites/result/continue.png using Guid(05dd8ab961fa9f94f9be96ea274bf5f2) Importer(815301076,1909f56bfc062723c751e8b465ee728b)  -> (artifact id: '839c01659c171aeb26575c8b0f99bf4a') in 0.029438 seconds
  Import took 0.032561 seconds .

========================================================================
Received Import Request.
  Time since last request: 0.000311 seconds.
  path: Assets/Sprites/ui_1/catch_bug.png
  artifactKey: Guid(7ebc3f29a70a8bf408b568b94221e630) Importer(815301076,1909f56bfc062723c751e8b465ee728b)
Start importing Assets/Sprites/ui_1/catch_bug.png using Guid(7ebc3f29a70a8bf408b568b94221e630) Importer(815301076,1909f56bfc062723c751e8b465ee728b)  -> (artifact id: '08b2d97c40b3cc8107f1768cfbcc50ef') in 0.015932 seconds
  Import took 0.018947 seconds .

========================================================================
Received Import Request.
  Time since last request: 18.575026 seconds.
  path: Assets/Sprites/UISprites_1/desire_gauge.png
  artifactKey: Guid(c7417402bdf029d49abcc4b25ebc1eb3) Importer(815301076,1909f56bfc062723c751e8b465ee728b)
Start importing Assets/Sprites/UISprites_1/desire_gauge.png using Guid(c7417402bdf029d49abcc4b25ebc1eb3) Importer(815301076,1909f56bfc062723c751e8b465ee728b)  -> (artifact id: '6cca2ce8429cb5230a80324356ffd670') in 0.051068 seconds
  Import took 0.057707 seconds .

========================================================================
Received Import Request.
  Time since last request: 0.000324 seconds.
  path: Assets/Sprites/PlaceSprites/Kitchen_dirty.png
  artifactKey: Guid(54250aedc15b84941b3360f9f269d9ba) Importer(815301076,1909f56bfc062723c751e8b465ee728b)
Start importing Assets/Sprites/PlaceSprites/Kitchen_dirty.png using Guid(54250aedc15b84941b3360f9f269d9ba) Importer(815301076,1909f56bfc062723c751e8b465ee728b)  -> (artifact id: 'ca91fba15d0892f28340af71e2bd3e86') in 0.078291 seconds
  Import took 0.081284 seconds .

========================================================================
Received Import Request.
  Time since last request: 0.000251 seconds.
  path: Assets/Sprites/result/gameclear.png
  artifactKey: Guid(d47da8a23250cce43b97167aeeaa58d9) Importer(815301076,1909f56bfc062723c751e8b465ee728b)
Start importing Assets/Sprites/result/gameclear.png using Guid(d47da8a23250cce43b97167aeeaa58d9) Importer(815301076,1909f56bfc062723c751e8b465ee728b)  -> (artifact id: '8a91f7ed364ce212788be9877d4b5be9') in 0.187231 seconds
  Import took 0.191115 seconds .

========================================================================
Received Import Request.
  Time since last request: 0.000414 seconds.
  path: Assets/Sprites/source/producer.png
  artifactKey: Guid(e648e67e2b72517429d54e2a19bfa594) Importer(815301076,1909f56bfc062723c751e8b465ee728b)
Start importing Assets/Sprites/source/producer.png using Guid(e648e67e2b72517429d54e2a19bfa594) Importer(815301076,1909f56bfc062723c751e8b465ee728b)  -> (artifact id: '73a2536f82a1a56589c419f840030de6') in 0.053300 seconds
  Import took 0.057218 seconds .

========================================================================
Received Import Request.
  Time since last request: 0.000278 seconds.
  path: Assets/Sprites/result/gameover.png
  artifactKey: Guid(f237b4058856ef44dab8938bb29ce959) Importer(815301076,1909f56bfc062723c751e8b465ee728b)
Start importing Assets/Sprites/result/gameover.png using Guid(f237b4058856ef44dab8938bb29ce959) Importer(815301076,1909f56bfc062723c751e8b465ee728b)  -> (artifact id: '7cd5cd2f7400476e965c62c6676d666e') in 0.108258 seconds
  Import took 0.111738 seconds .

========================================================================
Received Import Request.
  Time since last request: 0.000378 seconds.
  path: Assets/Sprites/ui_1/desire_gauge.png
  artifactKey: Guid(a3386eecb35f2944b99939db4481507e) Importer(815301076,1909f56bfc062723c751e8b465ee728b)
Start importing Assets/Sprites/ui_1/desire_gauge.png using Guid(a3386eecb35f2944b99939db4481507e) Importer(815301076,1909f56bfc062723c751e8b465ee728b)  -> (artifact id: 'a8af54a9b686389f605886204d27022a') in 0.014423 seconds
  Import took 0.017196 seconds .

========================================================================
Received Import Request.
  Time since last request: 56.722505 seconds.
  path: Assets/Sprites/source/debug_window.png
  artifactKey: Guid(861a494ede4cfc845bee10122ca09d46) Importer(815301076,1909f56bfc062723c751e8b465ee728b)
Start importing Assets/Sprites/source/debug_window.png using Guid(861a494ede4cfc845bee10122ca09d46) Importer(815301076,1909f56bfc062723c751e8b465ee728b)  -> (artifact id: '8720459415118b8b42888075bb7b5b34') in 0.080792 seconds
  Import took 0.084000 seconds .

========================================================================
Received Import Request.
  Time since last request: 0.261514 seconds.
  path: Assets/Sprites/PlaceSprites/DefaultBG.png
  artifactKey: Guid(e6f815db03e195b48a3ddeed673b4ecb) Importer(815301076,1909f56bfc062723c751e8b465ee728b)
Start importing Assets/Sprites/PlaceSprites/DefaultBG.png using Guid(e6f815db03e195b48a3ddeed673b4ecb) Importer(815301076,1909f56bfc062723c751e8b465ee728b)  -> (artifact id: 'c9b79b70e1ad3ac63d83fd0d9a466601') in 0.030623 seconds
  Import took 0.034738 seconds .

========================================================================
Received Import Request.
  Time since last request: 0.000563 seconds.
  path: Assets/Sprites/source/gameex/ex_1.png
  artifactKey: Guid(0a85bf6fdbfe5704a8d3eccc9fd58369) Importer(815301076,1909f56bfc062723c751e8b465ee728b)
Start importing Assets/Sprites/source/gameex/ex_1.png using Guid(0a85bf6fdbfe5704a8d3eccc9fd58369) Importer(815301076,1909f56bfc062723c751e8b465ee728b)  -> (artifact id: 'bbaa14919b8668d3215bee2bdfd82fb4') in 0.088162 seconds
  Import took 0.092384 seconds .

========================================================================
Received Import Request.
  Time since last request: 0.000268 seconds.
  path: Assets/Sprites/source/gameex/ex_2.png
  artifactKey: Guid(4029c192a4e6a8e4b81a964a7aa44591) Importer(815301076,1909f56bfc062723c751e8b465ee728b)
Start importing Assets/Sprites/source/gameex/ex_2.png using Guid(4029c192a4e6a8e4b81a964a7aa44591) Importer(815301076,1909f56bfc062723c751e8b465ee728b)  -> (artifact id: '642ab98f464a0bd44f1b5912b3bdeea7') in 0.090708 seconds
  Import took 0.093661 seconds .

========================================================================
Received Import Request.
  Time since last request: 0.000353 seconds.
  path: Assets/Sprites/source/gameex/ex_3.png
  artifactKey: Guid(a0e36cf0b2717ec44b9d8444ad6a0747) Importer(815301076,1909f56bfc062723c751e8b465ee728b)
Start importing Assets/Sprites/source/gameex/ex_3.png using Guid(a0e36cf0b2717ec44b9d8444ad6a0747) Importer(815301076,1909f56bfc062723c751e8b465ee728b)  -> (artifact id: '828163e2655d88c043ccc7e62e093aa1') in 0.094719 seconds
  Import took 0.097360 seconds .

========================================================================
Received Import Request.
  Time since last request: 0.238939 seconds.
  path: Assets/Sprites/source/gameex/ex_4.png
  artifactKey: Guid(3b62a1970312d28468284d32ff5e34d6) Importer(815301076,1909f56bfc062723c751e8b465ee728b)
Start importing Assets/Sprites/source/gameex/ex_4.png using Guid(3b62a1970312d28468284d32ff5e34d6) Importer(815301076,1909f56bfc062723c751e8b465ee728b)  -> (artifact id: 'deb55e2e70acc2e37d024f14937ad42c') in 0.125042 seconds
  Import took 0.129541 seconds .

========================================================================
Received Import Request.
  Time since last request: 0.000336 seconds.
  path: Assets/Sprites/BG/gameSceneBG.png
  artifactKey: Guid(8104b7d030cc5c8479bd842053f95a5c) Importer(815301076,1909f56bfc062723c751e8b465ee728b)
Start importing Assets/Sprites/BG/gameSceneBG.png using Guid(8104b7d030cc5c8479bd842053f95a5c) Importer(815301076,1909f56bfc062723c751e8b465ee728b)  -> (artifact id: 'fbb822e0e0772804d34749652923a7dc') in 0.133607 seconds
  Import took 0.136782 seconds .

========================================================================
Received Import Request.
  Time since last request: 0.000353 seconds.
  path: Assets/Sprites/source/game_explain2.png
  artifactKey: Guid(b74a08c262140c74d8a23d20087d1d81) Importer(815301076,1909f56bfc062723c751e8b465ee728b)
Start importing Assets/Sprites/source/game_explain2.png using Guid(b74a08c262140c74d8a23d20087d1d81) Importer(815301076,1909f56bfc062723c751e8b465ee728b)  -> (artifact id: 'ad07edd07327c8057f9601b7ce31bb7a') in 0.044245 seconds
  Import took 0.048442 seconds .

========================================================================
Received Import Request.
  Time since last request: 0.000230 seconds.
  path: Assets/Sprites/source/gameex/ex_5.png
  artifactKey: Guid(a36465f7897f7144191ba2cff6f21c07) Importer(815301076,1909f56bfc062723c751e8b465ee728b)
Start importing Assets/Sprites/source/gameex/ex_5.png using Guid(a36465f7897f7144191ba2cff6f21c07) Importer(815301076,1909f56bfc062723c751e8b465ee728b)  -> (artifact id: '0881e50e56bdf134193c77060e367465') in 0.153471 seconds
  Import took 0.156709 seconds .

========================================================================
Received Import Request.
  Time since last request: 0.000323 seconds.
  path: Assets/Sprites/ui_1/joy_in.png
  artifactKey: Guid(2cb223612cfdb53499ccc8fde40019cb) Importer(815301076,1909f56bfc062723c751e8b465ee728b)
Start importing Assets/Sprites/ui_1/joy_in.png using Guid(2cb223612cfdb53499ccc8fde40019cb) Importer(815301076,1909f56bfc062723c751e8b465ee728b)  -> (artifact id: '7342e37942acff8b0e4b1830c991f6fa') in 0.045815 seconds
  Import took 0.048751 seconds .

========================================================================
Received Import Request.
  Time since last request: 0.000262 seconds.
  path: Assets/Sprites/ui_1/joyIN.png
  artifactKey: Guid(d2aedde8ec3e33742a50c76dfae7bd35) Importer(815301076,1909f56bfc062723c751e8b465ee728b)
Start importing Assets/Sprites/ui_1/joyIN.png using Guid(d2aedde8ec3e33742a50c76dfae7bd35) Importer(815301076,1909f56bfc062723c751e8b465ee728b)  -> (artifact id: '95a1dcf85172b7686bcdc4a5a169f821') in 0.052313 seconds
  Import took 0.055164 seconds .

========================================================================
Received Import Request.
  Time since last request: 0.000257 seconds.
  path: Assets/Sprites/Dumy/KakaoTalk_20211009_003905564.png
  artifactKey: Guid(156a3f2d9c7460f4db2421dda3c9f02a) Importer(815301076,1909f56bfc062723c751e8b465ee728b)
Start importing Assets/Sprites/Dumy/KakaoTalk_20211009_003905564.png using Guid(156a3f2d9c7460f4db2421dda3c9f02a) Importer(815301076,1909f56bfc062723c751e8b465ee728b)  -> (artifact id: '2c2721859e0f71023d415a8ea8caedb1') in 0.063826 seconds
  Import took 0.066781 seconds .

========================================================================
Received Import Request.
  Time since last request: 0.000267 seconds.
  path: Assets/Sprites/ui_1/joyOUT.png
  artifactKey: Guid(89676ad518a3bb54e9ecede1788a4bc4) Importer(815301076,1909f56bfc062723c751e8b465ee728b)
Start importing Assets/Sprites/ui_1/joyOUT.png using Guid(89676ad518a3bb54e9ecede1788a4bc4) Importer(815301076,1909f56bfc062723c751e8b465ee728b)  -> (artifact id: '50298ba36508a1852c63bb08e97d60f5') in 0.016441 seconds
  Import took 0.019714 seconds .

========================================================================
Received Import Request.
  Time since last request: 0.000247 seconds.
  path: Assets/Sprites/Dumy/KakaoTalk_20211009_003900037.png
  artifactKey: Guid(b7862d16aa677db4ab9d9e167d0814f7) Importer(815301076,1909f56bfc062723c751e8b465ee728b)
Start importing Assets/Sprites/Dumy/KakaoTalk_20211009_003900037.png using Guid(b7862d16aa677db4ab9d9e167d0814f7) Importer(815301076,1909f56bfc062723c751e8b465ee728b)  -> (artifact id: '28bc7be6655af8f039213a79f6667bcb') in 0.037043 seconds
  Import took 0.040459 seconds .

========================================================================
Received Import Request.
  Time since last request: 0.000294 seconds.
  path: Assets/Sprites/UISprites_1/joy_out.png
  artifactKey: Guid(f15aea52bf23f504c9675feb94a2bdf5) Importer(815301076,1909f56bfc062723c751e8b465ee728b)
Start importing Assets/Sprites/UISprites_1/joy_out.png using Guid(f15aea52bf23f504c9675feb94a2bdf5) Importer(815301076,1909f56bfc062723c751e8b465ee728b)  -> (artifact id: '8e66ee90d9033dd79369e4b4b513ce11') in 0.108770 seconds
  Import took 0.112437 seconds .

========================================================================
Received Import Request.
  Time since last request: 0.000299 seconds.
  path: Assets/Sprites/ui_1/joy_out.png
  artifactKey: Guid(e88169c282c11464ab2257003f17edbb) Importer(815301076,1909f56bfc062723c751e8b465ee728b)
Start importing Assets/Sprites/ui_1/joy_out.png using Guid(e88169c282c11464ab2257003f17edbb) Importer(815301076,1909f56bfc062723c751e8b465ee728b)  -> (artifact id: 'c09980d1a07ef148332e546a66ef23bc') in 0.044920 seconds
  Import took 0.047589 seconds .

========================================================================
Received Import Request.
  Time since last request: 0.000321 seconds.
  path: Assets/Sprites/UISprites_1/joy_in.png
  artifactKey: Guid(709a69b1bace53040a555b29aa78aadf) Importer(815301076,1909f56bfc062723c751e8b465ee728b)
Start importing Assets/Sprites/UISprites_1/joy_in.png using Guid(709a69b1bace53040a555b29aa78aadf) Importer(815301076,1909f56bfc062723c751e8b465ee728b)  -> (artifact id: 'f82981708ba2624d420e9946d3896374') in 0.046052 seconds
  Import took 0.049110 seconds .

========================================================================
Received Import Request.
  Time since last request: 0.002165 seconds.
  path: Assets/Sprites/UISprites_1/joy_in.png
  artifactKey: Guid(709a69b1bace53040a555b29aa78aadf) Importer(815301076,1909f56bfc062723c751e8b465ee728b)
Start importing Assets/Sprites/UISprites_1/joy_in.png using Guid(709a69b1bace53040a555b29aa78aadf) Importer(815301076,1909f56bfc062723c751e8b465ee728b)  -> (artifact id: 'f82981708ba2624d420e9946d3896374') in 0.016940 seconds
  Import took 0.020107 seconds .

========================================================================
Received Import Request.
  Time since last request: 0.000325 seconds.
  path: Assets/Sprites/button2/kitchen_1.png
  artifactKey: Guid(c1e67324844b053409b92a1dcab4449f) Importer(815301076,1909f56bfc062723c751e8b465ee728b)
Start importing Assets/Sprites/button2/kitchen_1.png using Guid(c1e67324844b053409b92a1dcab4449f) Importer(815301076,1909f56bfc062723c751e8b465ee728b)  -> (artifact id: '661bedba78c66d74560a3ed6fed5194f') in 0.042511 seconds
  Import took 0.045995 seconds .

========================================================================
Received Import Request.
  Time since last request: 0.002339 seconds.
  path: Assets/Sprites/ButtonSprites/kitchen_1.png
  artifactKey: Guid(968531a663c40fd4f9ec0d1051ec9cd8) Importer(815301076,1909f56bfc062723c751e8b465ee728b)
Start importing Assets/Sprites/ButtonSprites/kitchen_1.png using Guid(968531a663c40fd4f9ec0d1051ec9cd8) Importer(815301076,1909f56bfc062723c751e8b465ee728b)  -> (artifact id: '249ff3d0924df248133cf38f13c7b8bf') in 0.028678 seconds
  Import took 0.032459 seconds .

========================================================================
Received Import Request.
  Time since last request: 0.000225 seconds.
  path: Assets/Sprites/Dumy/ButtonSprites/kitchen_button.png
  artifactKey: Guid(fa8c94e9e1a049d4ba851f4727997203) Importer(815301076,1909f56bfc062723c751e8b465ee728b)
Start importing Assets/Sprites/Dumy/ButtonSprites/kitchen_button.png using Guid(fa8c94e9e1a049d4ba851f4727997203) Importer(815301076,1909f56bfc062723c751e8b465ee728b)  -> (artifact id: 'd83b262ae1ec2f22a20ce8368921570a') in 0.031624 seconds
  Import took 0.034667 seconds .

========================================================================
Received Import Request.
  Time since last request: 0.000262 seconds.
  path: Assets/Sprites/button2/kitchen_2.png
  artifactKey: Guid(780028c4e07afcf4b9f5d96f06eba51c) Importer(815301076,1909f56bfc062723c751e8b465ee728b)
Start importing Assets/Sprites/button2/kitchen_2.png using Guid(780028c4e07afcf4b9f5d96f06eba51c) Importer(815301076,1909f56bfc062723c751e8b465ee728b)  -> (artifact id: '276780dd975b40a710433760ec3b2a48') in 0.032208 seconds
  Import took 0.035136 seconds .

========================================================================
Received Import Request.
  Time since last request: 0.000267 seconds.
  path: Assets/Sprites/ButtonSprites/kitchen_2.png
  artifactKey: Guid(9ac99f30e85a96849b86e043f5148383) Importer(815301076,1909f56bfc062723c751e8b465ee728b)
Start importing Assets/Sprites/ButtonSprites/kitchen_2.png using Guid(9ac99f30e85a96849b86e043f5148383) Importer(815301076,1909f56bfc062723c751e8b465ee728b)  -> (artifact id: '6eeec3675793139cd07a1bcbd8c08eca') in 0.039811 seconds
  Import took 0.042563 seconds .

========================================================================
Received Import Request.
  Time since last request: 13.730637 seconds.
  path: Assets/Sprites/PlaceSprites/RecycleBin_clean.png
  artifactKey: Guid(b2d8a99651604a94081cd1249836fa3d) Importer(815301076,1909f56bfc062723c751e8b465ee728b)
Start importing Assets/Sprites/PlaceSprites/RecycleBin_clean.png using Guid(b2d8a99651604a94081cd1249836fa3d) Importer(815301076,1909f56bfc062723c751e8b465ee728b)  -> (artifact id: '622f09d83eea3892ea1257195e14510b') in 0.044163 seconds
  Import took 0.047272 seconds .

========================================================================
Received Import Request.
  Time since last request: 0.000233 seconds.
  path: Assets/Sprites/PlaceSprites/RecycleBin_dirty.png
  artifactKey: Guid(161c7bc3d7af4094a893a2487834ed31) Importer(815301076,1909f56bfc062723c751e8b465ee728b)
Start importing Assets/Sprites/PlaceSprites/RecycleBin_dirty.png using Guid(161c7bc3d7af4094a893a2487834ed31) Importer(815301076,1909f56bfc062723c751e8b465ee728b)  -> (artifact id: 'c8994904339582d463dc39aa32ea3e1d') in 0.059819 seconds
  Import took 0.062777 seconds .

========================================================================
Received Import Request.
  Time since last request: 0.000342 seconds.
  path: Assets/Sprites/result/restart.png
  artifactKey: Guid(6c92d107e1c6f2a47b4d13e547ce8ee9) Importer(815301076,1909f56bfc062723c751e8b465ee728b)
Start importing Assets/Sprites/result/restart.png using Guid(6c92d107e1c6f2a47b4d13e547ce8ee9) Importer(815301076,1909f56bfc062723c751e8b465ee728b)  -> (artifact id: 'b5bb70314272562f072276cf8a6c43f0') in 0.034879 seconds
  Import took 0.037910 seconds .

========================================================================
Received Import Request.
  Time since last request: 0.000267 seconds.
  path: Assets/Sprites/PlaceSprites/Restroom_dirty.png
  artifactKey: Guid(ad77f2fd2af01954cb200f2f2675a9a0) Importer(815301076,1909f56bfc062723c751e8b465ee728b)
Start importing Assets/Sprites/PlaceSprites/Restroom_dirty.png using Guid(ad77f2fd2af01954cb200f2f2675a9a0) Importer(815301076,1909f56bfc062723c751e8b465ee728b)  -> (artifact id: '26a60ae5ad564da7577faf5fd60ae907') in 0.063400 seconds
  Import took 0.066418 seconds .

========================================================================
Received Import Request.
  Time since last request: 0.000211 seconds.
  path: Assets/Sprites/PlaceSprites/Restroom_clean.png
  artifactKey: Guid(ffccf0fa5b8adab48b5b65798c769bc1) Importer(815301076,1909f56bfc062723c751e8b465ee728b)
Start importing Assets/Sprites/PlaceSprites/Restroom_clean.png using Guid(ffccf0fa5b8adab48b5b65798c769bc1) Importer(815301076,1909f56bfc062723c751e8b465ee728b)  -> (artifact id: 'b5ab4caf7e13405529219d228313b43b') in 0.037481 seconds
  Import took 0.040910 seconds .

========================================================================
Received Import Request.
  Time since last request: 0.000262 seconds.
  path: Assets/Sprites/source/right.png
  artifactKey: Guid(3a55262b613d59a479067ebd2ce9cb08) Importer(815301076,1909f56bfc062723c751e8b465ee728b)
Start importing Assets/Sprites/source/right.png using Guid(3a55262b613d59a479067ebd2ce9cb08) Importer(815301076,1909f56bfc062723c751e8b465ee728b)  -> (artifact id: '2b38e7a4b5e18a09984a1d89a81fb2b2') in 0.039617 seconds
  Import took 0.042732 seconds .

========================================================================
Received Import Request.
  Time since last request: 0.002892 seconds.
  path: Assets/Sprites/source/right.png
  artifactKey: Guid(3a55262b613d59a479067ebd2ce9cb08) Importer(815301076,1909f56bfc062723c751e8b465ee728b)
Start importing Assets/Sprites/source/right.png using Guid(3a55262b613d59a479067ebd2ce9cb08) Importer(815301076,1909f56bfc062723c751e8b465ee728b)  -> (artifact id: '2b38e7a4b5e18a09984a1d89a81fb2b2') in 0.013865 seconds
  Import took 0.017027 seconds .

========================================================================
Received Import Request.
  Time since last request: 0.355671 seconds.
  path: Assets/Sprites/source/start_new.png
  artifactKey: Guid(999409f709edde54aac9500e8012e825) Importer(815301076,1909f56bfc062723c751e8b465ee728b)
Start importing Assets/Sprites/source/start_new.png using Guid(999409f709edde54aac9500e8012e825) Importer(815301076,1909f56bfc062723c751e8b465ee728b)  -> (artifact id: 'd2f9b47190da7a48aa63efdb7d01a47d') in 0.047882 seconds
  Import took 0.052660 seconds .

========================================================================
Received Import Request.
  Time since last request: 0.000303 seconds.
  path: Assets/Sprites/Dumy/tempWindow.png
  artifactKey: Guid(17a423655224d9644ace2903f7dd5300) Importer(815301076,1909f56bfc062723c751e8b465ee728b)
Start importing Assets/Sprites/Dumy/tempWindow.png using Guid(17a423655224d9644ace2903f7dd5300) Importer(815301076,1909f56bfc062723c751e8b465ee728b)  -> (artifact id: '9ca710fe2f9180156bdf24f87f83dadf') in 0.166810 seconds
  Import took 0.170310 seconds .

========================================================================
Received Import Request.
  Time since last request: 0.000387 seconds.
  path: Assets/Sprites/source/title_bg.png
  artifactKey: Guid(ee3b3039cee1d09488e2d28bdee57bf2) Importer(815301076,1909f56bfc062723c751e8b465ee728b)
Start importing Assets/Sprites/source/title_bg.png using Guid(ee3b3039cee1d09488e2d28bdee57bf2) Importer(815301076,1909f56bfc062723c751e8b465ee728b)  -> (artifact id: 'a77fc5f371a2fd78dca27d8e2dcf8fb7') in 0.296374 seconds
  Import took 0.300324 seconds .

========================================================================
Received Import Request.
  Time since last request: 0.000388 seconds.
  path: Assets/Sprites/result/to_menu.png
  artifactKey: Guid(7087ad21bc7929c4c8b33eee5069dc5d) Importer(815301076,1909f56bfc062723c751e8b465ee728b)
Start importing Assets/Sprites/result/to_menu.png using Guid(7087ad21bc7929c4c8b33eee5069dc5d) Importer(815301076,1909f56bfc062723c751e8b465ee728b)  -> (artifact id: '284dcb6e87bd67655b924a90fd2169ee') in 0.035471 seconds
  Import took 0.039892 seconds .

========================================================================
Received Import Request.
  Time since last request: 73.075568 seconds.
  path: Assets/Sprites/ui_1/DungGeunMo.ttf
  artifactKey: Guid(46d724822aa6b874fac2820db7651933) Importer(815301076,1909f56bfc062723c751e8b465ee728b)
Start importing Assets/Sprites/ui_1/DungGeunMo.ttf using Guid(46d724822aa6b874fac2820db7651933) Importer(815301076,1909f56bfc062723c751e8b465ee728b)  -> (artifact id: '9a68da1719e97f278ab1a56eb772c4d8') in 0.029404 seconds
  Import took 0.033742 seconds .

========================================================================
Received Import Request.
  Time since last request: 0.015876 seconds.
  path: Assets/Sprites/ui_1/DungGeunMo.ttf
  artifactKey: Guid(46d724822aa6b874fac2820db7651933) Importer(815301076,1909f56bfc062723c751e8b465ee728b)
Start importing Assets/Sprites/ui_1/DungGeunMo.ttf using Guid(46d724822aa6b874fac2820db7651933) Importer(815301076,1909f56bfc062723c751e8b465ee728b)  -> (artifact id: '9a68da1719e97f278ab1a56eb772c4d8') in 0.019540 seconds
  Import took 0.022504 seconds .

========================================================================
Received Import Request.
  Time since last request: 58.506696 seconds.
  path: Assets/Sprites/UISprites_1/pause.png
  artifactKey: Guid(7e98aa8649631f64aa20330205a6c872) Importer(815301076,1909f56bfc062723c751e8b465ee728b)
Start importing Assets/Sprites/UISprites_1/pause.png using Guid(7e98aa8649631f64aa20330205a6c872) Importer(815301076,1909f56bfc062723c751e8b465ee728b)  -> (artifact id: '677f0b24c2064f1c3820db4cab996646') in 0.076174 seconds
  Import took 0.079956 seconds .

========================================================================
Received Import Request.
  Time since last request: 0.000296 seconds.
  path: Assets/Sprites/result/pause_window.png
  artifactKey: Guid(c1a024f008e80cd43a043bbef1e20d0e) Importer(815301076,1909f56bfc062723c751e8b465ee728b)
Start importing Assets/Sprites/result/pause_window.png using Guid(c1a024f008e80cd43a043bbef1e20d0e) Importer(815301076,1909f56bfc062723c751e8b465ee728b)  -> (artifact id: '4be8fb9779061abfa476cc3c10d74410') in 0.017817 seconds
  Import took 0.021593 seconds .

========================================================================
Received Import Request.
  Time since last request: 0.000263 seconds.
  path: Assets/Sprites/ui_1/pause.png
  artifactKey: Guid(0f64292af3bc0e249864a53979f14b93) Importer(815301076,1909f56bfc062723c751e8b465ee728b)
Start importing Assets/Sprites/ui_1/pause.png using Guid(0f64292af3bc0e249864a53979f14b93) Importer(815301076,1909f56bfc062723c751e8b465ee728b)  -> (artifact id: '8840d0aa6dceaf52c0686f5dc293963d') in 0.014680 seconds
  Import took 0.018722 seconds .

========================================================================
Received Import Request.
  Time since last request: 16.447708 seconds.
  path: Assets/Sprites/Button/kitchen_button.png
  artifactKey: Guid(1826e9f92384e144386fe2128a89b8f7) Importer(815301076,1909f56bfc062723c751e8b465ee728b)
Start importing Assets/Sprites/Button/kitchen_button.png using Guid(1826e9f92384e144386fe2128a89b8f7) Importer(815301076,1909f56bfc062723c751e8b465ee728b)  -> (artifact id: 'b6b095b8abeb39b14d0b57729c387f92') in 0.028520 seconds
  Import took 0.032808 seconds .

========================================================================
Received Import Request.
  Time since last request: 0.000339 seconds.
  path: Assets/Sprites/PlaceSprites/Kitchen_clean.png
  artifactKey: Guid(31f74c31529869a489ef3a37f8db7689) Importer(815301076,1909f56bfc062723c751e8b465ee728b)
Start importing Assets/Sprites/PlaceSprites/Kitchen_clean.png using Guid(31f74c31529869a489ef3a37f8db7689) Importer(815301076,1909f56bfc062723c751e8b465ee728b)  -> (artifact id: 'c6d61a0fb7168c5e66e9f9d266c84f46') in 0.055637 seconds
  Import took 0.058316 seconds .

========================================================================
Received Import Request.
  Time since last request: 9.306423 seconds.
  path: Assets/Sprites/button2/toilet_1.png
  artifactKey: Guid(dacf8f6d097eadc408369879c32263f8) Importer(815301076,1909f56bfc062723c751e8b465ee728b)
Start importing Assets/Sprites/button2/toilet_1.png using Guid(dacf8f6d097eadc408369879c32263f8) Importer(815301076,1909f56bfc062723c751e8b465ee728b)  -> (artifact id: '1a5e53656a483bb9728ae40025f21c16') in 0.053306 seconds
  Import took 0.056551 seconds .

========================================================================
Received Import Request.
  Time since last request: 0.000285 seconds.
  path: Assets/Sprites/UISprites_1/tool.png
  artifactKey: Guid(3958a5f816c966c4b9fcec989f9e0d17) Importer(815301076,1909f56bfc062723c751e8b465ee728b)
Start importing Assets/Sprites/UISprites_1/tool.png using Guid(3958a5f816c966c4b9fcec989f9e0d17) Importer(815301076,1909f56bfc062723c751e8b465ee728b)  -> (artifact id: '7564bd91357ee7c3103d3ca58969e2b8') in 0.039688 seconds
  Import took 0.042769 seconds .

========================================================================
Received Import Request.
  Time since last request: 0.000256 seconds.
  path: Assets/Sprites/button2/toilet_1.png
  artifactKey: Guid(dacf8f6d097eadc408369879c32263f8) Importer(815301076,1909f56bfc062723c751e8b465ee728b)
Start importing Assets/Sprites/button2/toilet_1.png using Guid(dacf8f6d097eadc408369879c32263f8) Importer(815301076,1909f56bfc062723c751e8b465ee728b)  -> (artifact id: '1a5e53656a483bb9728ae40025f21c16') in 0.012228 seconds
  Import took 0.015328 seconds .

========================================================================
Received Import Request.
  Time since last request: 0.000278 seconds.
  path: Assets/Sprites/ButtonSprites/toilet_1.png
  artifactKey: Guid(3f02892e1508b6b419f27a02a2b33bfc) Importer(815301076,1909f56bfc062723c751e8b465ee728b)
Start importing Assets/Sprites/ButtonSprites/toilet_1.png using Guid(3f02892e1508b6b419f27a02a2b33bfc) Importer(815301076,1909f56bfc062723c751e8b465ee728b)  -> (artifact id: '5d6f2c073f034e26ccd952e475b58c14') in 0.028421 seconds
  Import took 0.031469 seconds .

========================================================================
Received Import Request.
  Time since last request: 0.000256 seconds.
  path: Assets/Sprites/button2/toilet_2.png
  artifactKey: Guid(bbf35307d17475e4ca1959f0951bd3d8) Importer(815301076,1909f56bfc062723c751e8b465ee728b)
Start importing Assets/Sprites/button2/toilet_2.png using Guid(bbf35307d17475e4ca1959f0951bd3d8) Importer(815301076,1909f56bfc062723c751e8b465ee728b)  -> (artifact id: 'fd3b16031f05c7791e81d0fb8da3f6a2') in 0.038502 seconds
  Import took 0.041452 seconds .

========================================================================
Received Import Request.
  Time since last request: 0.000287 seconds.
  path: Assets/Sprites/ButtonSprites/toilet_2.png
  artifactKey: Guid(09780f442d915dc4f9ac5c63b08b1c00) Importer(815301076,1909f56bfc062723c751e8b465ee728b)
Start importing Assets/Sprites/ButtonSprites/toilet_2.png using Guid(09780f442d915dc4f9ac5c63b08b1c00) Importer(815301076,1909f56bfc062723c751e8b465ee728b)  -> (artifact id: '2523fdb800dbeda2ca83a743e5bb1f53') in 0.036161 seconds
  Import took 0.038890 seconds .

========================================================================
Received Import Request.
  Time since last request: 0.000242 seconds.
  path: Assets/Sprites/Button/toilet_button.png
  artifactKey: Guid(4c8934391a1b07546a3d6918c5101c89) Importer(815301076,1909f56bfc062723c751e8b465ee728b)
Start importing Assets/Sprites/Button/toilet_button.png using Guid(4c8934391a1b07546a3d6918c5101c89) Importer(815301076,1909f56bfc062723c751e8b465ee728b)  -> (artifact id: '7a10deb9b72efdb1ecc597f6be4c5cd5') in 0.031590 seconds
  Import took 0.035388 seconds .

========================================================================
Received Import Request.
  Time since last request: 0.000276 seconds.
  path: Assets/Sprites/ui_1/tool.png
  artifactKey: Guid(0189857a41262ca4b8eebb77a7e5d315) Importer(815301076,1909f56bfc062723c751e8b465ee728b)
Start importing Assets/Sprites/ui_1/tool.png using Guid(0189857a41262ca4b8eebb77a7e5d315) Importer(815301076,1909f56bfc062723c751e8b465ee728b)  -> (artifact id: '3c43d1506561f0b022efc68ed4529bd7') in 0.014891 seconds
  Import took 0.018074 seconds .

========================================================================
Received Import Request.
  Time since last request: 0.000271 seconds.
  path: Assets/Sprites/Dumy/ButtonSprites/toilet_button.png
  artifactKey: Guid(1ebf287d92d1c7d4a88d747e1b5c590b) Importer(815301076,1909f56bfc062723c751e8b465ee728b)
Start importing Assets/Sprites/Dumy/ButtonSprites/toilet_button.png using Guid(1ebf287d92d1c7d4a88d747e1b5c590b) Importer(815301076,1909f56bfc062723c751e8b465ee728b)  -> (artifact id: '31e3ded1741fd1089890679f91512192') in 0.040971 seconds
  Import took 0.043945 seconds .

========================================================================
Received Import Request.
  Time since last request: 117.870557 seconds.
  path: Assets/Sprites/ButtonSprites/window_1.png
  artifactKey: Guid(6d2972599b8ccdb438e83637540b6286) Importer(815301076,1909f56bfc062723c751e8b465ee728b)
Start importing Assets/Sprites/ButtonSprites/window_1.png using Guid(6d2972599b8ccdb438e83637540b6286) Importer(815301076,1909f56bfc062723c751e8b465ee728b)  -> (artifact id: '54217082b0764390ad4458429c93db42') in 0.041196 seconds
  Import took 0.045080 seconds .

========================================================================
Received Import Request.
  Time since last request: 0.000317 seconds.
  path: Assets/Sprites/button2/window_1.png
  artifactKey: Guid(420c56cda4504944b8803b0c07235b75) Importer(815301076,1909f56bfc062723c751e8b465ee728b)
Start importing Assets/Sprites/button2/window_1.png using Guid(420c56cda4504944b8803b0c07235b75) Importer(815301076,1909f56bfc062723c751e8b465ee728b)  -> (artifact id: '480625fd3552c8409be35a2c3f3b5903') in 0.029896 seconds
  Import took 0.034070 seconds .

========================================================================
Received Import Request.
  Time since last request: 0.041291 seconds.
  path: Assets/Sprites/ButtonSprites/window_2.png
  artifactKey: Guid(ec8790a3ad909214e887e6fc43671619) Importer(815301076,1909f56bfc062723c751e8b465ee728b)
Start importing Assets/Sprites/ButtonSprites/window_2.png using Guid(ec8790a3ad909214e887e6fc43671619) Importer(815301076,1909f56bfc062723c751e8b465ee728b)  -> (artifact id: '5b7d0c2f1e15c332987204f13101de54') in 0.045488 seconds
  Import took 0.049156 seconds .

========================================================================
Received Import Request.
  Time since last request: 0.000324 seconds.
  path: Assets/Sprites/Dumy/ButtonSprites/window_button.png
  artifactKey: Guid(9fba0693aa93d29418636dada5268843) Importer(815301076,1909f56bfc062723c751e8b465ee728b)
Start importing Assets/Sprites/Dumy/ButtonSprites/window_button.png using Guid(9fba0693aa93d29418636dada5268843) Importer(815301076,1909f56bfc062723c751e8b465ee728b)  -> (artifact id: 'd4e9bf0dfffb1a071bd04e8ecbf68478') in 0.030950 seconds
  Import took 0.035485 seconds .

========================================================================
Received Import Request.
  Time since last request: 0.000407 seconds.
  path: Assets/Sprites/button2/window_2.png
  artifactKey: Guid(74208e9b08208824280a3d2f5ad15f7d) Importer(815301076,1909f56bfc062723c751e8b465ee728b)
Start importing Assets/Sprites/button2/window_2.png using Guid(74208e9b08208824280a3d2f5ad15f7d) Importer(815301076,1909f56bfc062723c751e8b465ee728b)  -> (artifact id: '4c2bf72879e73c933e80fe7cc59328f2') in 0.042851 seconds
  Import took 0.046169 seconds .

========================================================================
Received Import Request.
  Time since last request: 0.000342 seconds.
  path: Assets/Sprites/Button/window_button.png
  artifactKey: Guid(ba3ffa0bc8eabed41837a651176c06e3) Importer(815301076,1909f56bfc062723c751e8b465ee728b)
Start importing Assets/Sprites/Button/window_button.png using Guid(ba3ffa0bc8eabed41837a651176c06e3) Importer(815301076,1909f56bfc062723c751e8b465ee728b)  -> (artifact id: '179cb717061a7f212705ac180dbf7540') in 0.039991 seconds
  Import took 0.042721 seconds .

========================================================================
Received Import Request.
  Time since last request: 0.182819 seconds.
  path: Assets/Sprites/PlaceSprites/Window_closed.png
  artifactKey: Guid(3204b21c144a8a64f9739c019cd0b07d) Importer(815301076,1909f56bfc062723c751e8b465ee728b)
Start importing Assets/Sprites/PlaceSprites/Window_closed.png using Guid(3204b21c144a8a64f9739c019cd0b07d) Importer(815301076,1909f56bfc062723c751e8b465ee728b)  -> (artifact id: '3439651e879d14bcd3d52fff193c9958') in 0.058430 seconds
  Import took 0.063671 seconds .

========================================================================
Received Import Request.
  Time since last request: 0.000236 seconds.
  path: Assets/Sprites/Character/.png
  artifactKey: Guid(79140ccdb0bc75a42a8c350cb102234a) Importer(815301076,1909f56bfc062723c751e8b465ee728b)
Start importing Assets/Sprites/Character/.png using Guid(79140ccdb0bc75a42a8c350cb102234a) Importer(815301076,1909f56bfc062723c751e8b465ee728b)  -> (artifact id: '9e6e804d0c327d13e1e906869d840004') in 0.018602 seconds
  Import took 0.021914 seconds .

========================================================================
Received Import Request.
  Time since last request: 0.000243 seconds.
  path: Assets/Sprites/BugSprites/.png
  artifactKey: Guid(915736f580170ae4e9eea04a5455cb4f) Importer(815301076,1909f56bfc062723c751e8b465ee728b)
Start importing Assets/Sprites/BugSprites/.png using Guid(915736f580170ae4e9eea04a5455cb4f) Importer(815301076,1909f56bfc062723c751e8b465ee728b)  -> (artifact id: 'cd168fbd3488dd27fafa8a2c3963003e') in 0.048438 seconds
  Import took 0.063282 seconds .

========================================================================
Received Import Request.
  Time since last request: 0.000248 seconds.
  path: Assets/Sprites/source/X.png
  artifactKey: Guid(06fa0aa3a67f0d14d919768c682634c9) Importer(815301076,1909f56bfc062723c751e8b465ee728b)
Start importing Assets/Sprites/source/X.png using Guid(06fa0aa3a67f0d14d919768c682634c9) Importer(815301076,1909f56bfc062723c751e8b465ee728b)  -> (artifact id: 'd1846e377cf6a0b6c18449fbbe95e469') in 0.021435 seconds
  Import took 0.024382 seconds .

========================================================================
Received Import Request.
  Time since last request: 0.000253 seconds.
  path: Assets/Sprites/BugSprites/.png
  artifactKey: Guid(889ecc543b58ac84187db39bf95dd860) Importer(815301076,1909f56bfc062723c751e8b465ee728b)
Start importing Assets/Sprites/BugSprites/.png using Guid(889ecc543b58ac84187db39bf95dd860) Importer(815301076,1909f56bfc062723c751e8b465ee728b)  -> (artifact id: '6c9fb1477faa83b3da9f697258a1bc9f') in 0.052241 seconds
  Import took 0.055326 seconds .

========================================================================
Received Import Request.
  Time since last request: 0.000256 seconds.
  path: Assets/Sprites/PlaceSprites/Window_open.png
  artifactKey: Guid(aacb59dd521460c4ba4f1f5f90e5c322) Importer(815301076,1909f56bfc062723c751e8b465ee728b)
Start importing Assets/Sprites/PlaceSprites/Window_open.png using Guid(aacb59dd521460c4ba4f1f5f90e5c322) Importer(815301076,1909f56bfc062723c751e8b465ee728b)  -> (artifact id: '66d9b7fbc4debb477f7d28df2f2832e7') in 0.059124 seconds
  Import took 0.062090 seconds .

========================================================================
Received Import Request.
  Time since last request: 0.048670 seconds.
  path: Assets/Sprites/Character/.png
  artifactKey: Guid(1979d5d69c2b45b46a7dc388d77498a7) Importer(815301076,1909f56bfc062723c751e8b465ee728b)
Start importing Assets/Sprites/Character/.png using Guid(1979d5d69c2b45b46a7dc388d77498a7) Importer(815301076,1909f56bfc062723c751e8b465ee728b)  -> (artifact id: '79218200f32567be9f3e1b6b5d777ea4') in 0.027628 seconds
  Import took 0.030685 seconds .

========================================================================
Received Import Request.
  Time since last request: 0.000273 seconds.
  path: Assets/Sprites/Character/.png
  artifactKey: Guid(4402cfc30a89aa34a93f37c6665d6bcd) Importer(815301076,1909f56bfc062723c751e8b465ee728b)
Start importing Assets/Sprites/Character/.png using Guid(4402cfc30a89aa34a93f37c6665d6bcd) Importer(815301076,1909f56bfc062723c751e8b465ee728b)  -> (artifact id: '96864e348c7dbd93288d7017f1898d81') in 0.024408 seconds
  Import took 0.027378 seconds .

========================================================================
Received Import Request.
  Time since last request: 0.000260 seconds.
  path: Assets/Sprites/Character/.png
  artifactKey: Guid(1979d5d69c2b45b46a7dc388d77498a7) Importer(815301076,1909f56bfc062723c751e8b465ee728b)
Start importing Assets/Sprites/Character/.png using Guid(1979d5d69c2b45b46a7dc388d77498a7) Importer(815301076,1909f56bfc062723c751e8b465ee728b)  -> (artifact id: '79218200f32567be9f3e1b6b5d777ea4') in 0.014995 seconds
  Import took 0.018041 seconds .

========================================================================
Received Import Request.
  Time since last request: 0.000261 seconds.
  path: Assets/Sprites/BugSprites/.png
  artifactKey: Guid(fab3095a413d3604fbe80f4503053c47) Importer(815301076,1909f56bfc062723c751e8b465ee728b)
Start importing Assets/Sprites/BugSprites/.png using Guid(fab3095a413d3604fbe80f4503053c47) Importer(815301076,1909f56bfc062723c751e8b465ee728b)  -> (artifact id: '6d0583224e5984726b26189a4dc29ea2') in 0.033526 seconds
  Import took 0.036981 seconds .

========================================================================
Received Import Request.
  Time since last request: 0.000269 seconds.
  path: Assets/Sprites/Character/.png
  artifactKey: Guid(4d05df6ffc3ca0544b984dadbe23d984) Importer(815301076,1909f56bfc062723c751e8b465ee728b)
Start importing Assets/Sprites/Character/.png using Guid(4d05df6ffc3ca0544b984dadbe23d984) Importer(815301076,1909f56bfc062723c751e8b465ee728b)  -> (artifact id: '3d3bbe72b5c4a0c390ba573c50cc4d53') in 0.023130 seconds
  Import took 0.026048 seconds .

========================================================================
Received Import Request.
  Time since last request: 0.000288 seconds.
  path: Assets/Sprites/Character/.png
  artifactKey: Guid(c57c9a1cd8fe7f34ba2d43cbc0c8f34e) Importer(815301076,1909f56bfc062723c751e8b465ee728b)
Start importing Assets/Sprites/Character/.png using Guid(c57c9a1cd8fe7f34ba2d43cbc0c8f34e) Importer(815301076,1909f56bfc062723c751e8b465ee728b)  -> (artifact id: '40600e8e36c3dc3c3516088fa605c9d0') in 0.016700 seconds
  Import took 0.020006 seconds .

========================================================================
Received Import Request.
  Time since last request: 0.000229 seconds.
  path: Assets/Sprites/BugSprites/.png
  artifactKey: Guid(04a66e7b300d2f04a9f95e64d8a4c370) Importer(815301076,1909f56bfc062723c751e8b465ee728b)
Start importing Assets/Sprites/BugSprites/.png using Guid(04a66e7b300d2f04a9f95e64d8a4c370) Importer(815301076,1909f56bfc062723c751e8b465ee728b)  -> (artifact id: '1500752331dde780e07995fcf920a869') in 0.047661 seconds
  Import took 0.050661 seconds .

========================================================================
Received Import Request.
  Time since last request: 0.000253 seconds.
  path: Assets/Sprites/Character/.png
  artifactKey: Guid(4402cfc30a89aa34a93f37c6665d6bcd) Importer(815301076,1909f56bfc062723c751e8b465ee728b)
Start importing Assets/Sprites/Character/.png using Guid(4402cfc30a89aa34a93f37c6665d6bcd) Importer(815301076,1909f56bfc062723c751e8b465ee728b)  -> (artifact id: '96864e348c7dbd93288d7017f1898d81') in 0.018924 seconds
  Import took 0.021730 seconds .

========================================================================
Received Prepare
Registering precompiled user dll's ...
Registered in 0.001329 seconds.
Begin MonoManager ReloadAssembly
Native extension for WindowsStandalone target not found
Refreshing native plugins compatible for Editor in 0.49 ms, found 1 plugins.
Preloading 0 native plugins for Editor in 0.00 ms.
Invoked RoslynAnalysisRunner static constructor.
RoslynAnalysisRunner will not be running.
RoslynAnalysisRunner has terminated.
Mono: successfully reloaded assembly
- Completed reload, in  0.873 seconds
Platform modules already initialized, skipping
Switching build target platform(5) subTarget(0) extendedPlatform(0) -> platform(13) subTarget(537395200) extendedPlatform(0)
Refreshing native plugins compatible for Editor in 0.36 ms, found 1 plugins.
Preloading 0 native plugins for Editor in 0.00 ms.
Unloading 1831 Unused Serialized files (Serialized files now loaded: 0)
System memory in use before: 89.6 MB.
System memory in use after: 89.6 MB.

Unloading 12 unused Assets to reduce memory usage. Loaded Objects now: 2348.
Total: 2.003600 ms (FindLiveObjects: 0.187400 ms CreateObjectMapping: 0.068000 ms MarkObjects: 1.642000 ms  DeleteObjects: 0.104900 ms)

AssetImportParameters requested are different than current active one (requested -> active):
  custom:graphics/normal-map-encoding: 01000000000000000000000000000000 -> 02000000000000000000000000000000
========================================================================
Received Prepare
Registering precompiled user dll's ...
Registered in 0.001320 seconds.
Begin MonoManager ReloadAssembly
Native extension for WindowsStandalone target not found
Refreshing native plugins compatible for Editor in 0.36 ms, found 1 plugins.
Preloading 0 native plugins for Editor in 0.00 ms.
Invoked RoslynAnalysisRunner static constructor.
RoslynAnalysisRunner will not be running.
RoslynAnalysisRunner has terminated.
Mono: successfully reloaded assembly
- Completed reload, in  0.860 seconds
Platform modules already initialized, skipping
Switching build target platform(5) subTarget(0) extendedPlatform(0) -> platform(13) subTarget(537395200) extendedPlatform(0)
Refreshing native plugins compatible for Editor in 0.33 ms, found 1 plugins.
Preloading 0 native plugins for Editor in 0.00 ms.
Unloading 1831 Unused Serialized files (Serialized files now loaded: 0)
System memory in use before: 89.7 MB.
System memory in use after: 89.7 MB.

Unloading 12 unused Assets to reduce memory usage. Loaded Objects now: 2352.
Total: 2.127200 ms (FindLiveObjects: 0.370200 ms CreateObjectMapping: 0.186300 ms MarkObjects: 1.476800 ms  DeleteObjects: 0.093000 ms)

AssetImportParameters requested are different than current active one (requested -> active):
  custom:graphics/normal-map-encoding: 01000000000000000000000000000000 -> 02000000000000000000000000000000
========================================================================
Received Prepare
Registering precompiled user dll's ...
Registered in 0.001344 seconds.
Begin MonoManager ReloadAssembly
Native extension for WindowsStandalone target not found
Refreshing native plugins compatible for Editor in 0.36 ms, found 1 plugins.
Preloading 0 native plugins for Editor in 0.00 ms.
Invoked RoslynAnalysisRunner static constructor.
RoslynAnalysisRunner will not be running.
RoslynAnalysisRunner has terminated.
Mono: successfully reloaded assembly
- Completed reload, in  0.871 seconds
Platform modules already initialized, skipping
Switching build target platform(5) subTarget(0) extendedPlatform(0) -> platform(13) subTarget(537395200) extendedPlatform(0)
Refreshing native plugins compatible for Editor in 0.47 ms, found 1 plugins.
Preloading 0 native plugins for Editor in 0.00 ms.
Unloading 1831 Unused Serialized files (Serialized files now loaded: 0)
System memory in use before: 89.7 MB.
System memory in use after: 89.7 MB.

Unloading 12 unused Assets to reduce memory usage. Loaded Objects now: 2356.
Total: 2.413600 ms (FindLiveObjects: 0.253400 ms CreateObjectMapping: 0.081700 ms MarkObjects: 1.907500 ms  DeleteObjects: 0.169400 ms)

AssetImportParameters requested are different than current active one (requested -> active):
  custom:graphics/normal-map-encoding: 01000000000000000000000000000000 -> 02000000000000000000000000000000
========================================================================
Received Prepare
Registering precompiled user dll's ...
Registered in 0.001307 seconds.
Begin MonoManager ReloadAssembly
Native extension for WindowsStandalone target not found
Refreshing native plugins compatible for Editor in 0.35 ms, found 1 plugins.
Preloading 0 native plugins for Editor in 0.00 ms.
Invoked RoslynAnalysisRunner static constructor.
RoslynAnalysisRunner will not be running.
RoslynAnalysisRunner has terminated.
Mono: successfully reloaded assembly
- Completed reload, in  0.921 seconds
Platform modules already initialized, skipping
Switching build target platform(5) subTarget(0) extendedPlatform(0) -> platform(13) subTarget(537395200) extendedPlatform(0)
Refreshing native plugins compatible for Editor in 0.34 ms, found 1 plugins.
Preloading 0 native plugins for Editor in 0.00 ms.
Unloading 1831 Unused Serialized files (Serialized files now loaded: 0)
System memory in use before: 89.7 MB.
System memory in use after: 89.7 MB.

Unloading 12 unused Assets to reduce memory usage. Loaded Objects now: 2360.
Total: 1.851600 ms (FindLiveObjects: 0.259100 ms CreateObjectMapping: 0.068500 ms MarkObjects: 1.423600 ms  DeleteObjects: 0.098200 ms)

AssetImportParameters requested are different than current active one (requested -> active):
  custom:graphics/normal-map-encoding: 01000000000000000000000000000000 -> 02000000000000000000000000000000
========================================================================
Received Prepare
Registering precompiled user dll's ...
Registered in 0.001300 seconds.
Begin MonoManager ReloadAssembly
Native extension for WindowsStandalone target not found
Refreshing native plugins compatible for Editor in 0.56 ms, found 1 plugins.
Preloading 0 native plugins for Editor in 0.00 ms.
Invoked RoslynAnalysisRunner static constructor.
RoslynAnalysisRunner will not be running.
RoslynAnalysisRunner has terminated.
Mono: successfully reloaded assembly
- Completed reload, in  0.882 seconds
Platform modules already initialized, skipping
Switching build target platform(5) subTarget(0) extendedPlatform(0) -> platform(13) subTarget(537395200) extendedPlatform(0)
Refreshing native plugins compatible for Editor in 0.67 ms, found 1 plugins.
Preloading 0 native plugins for Editor in 0.00 ms.
Unloading 1831 Unused Serialized files (Serialized files now loaded: 0)
System memory in use before: 89.7 MB.
System memory in use after: 89.7 MB.

Unloading 12 unused Assets to reduce memory usage. Loaded Objects now: 2364.
Total: 2.196900 ms (FindLiveObjects: 0.349600 ms CreateObjectMapping: 0.098200 ms MarkObjects: 1.647100 ms  DeleteObjects: 0.100800 ms)

AssetImportParameters requested are different than current active one (requested -> active):
  custom:graphics/normal-map-encoding: 01000000000000000000000000000000 -> 02000000000000000000000000000000
========================================================================
Received Prepare
Registering precompiled user dll's ...
Registered in 0.002010 seconds.
Begin MonoManager ReloadAssembly
Native extension for WindowsStandalone target not found
Refreshing native plugins compatible for Editor in 0.44 ms, found 1 plugins.
Preloading 0 native plugins for Editor in 0.00 ms.
Invoked RoslynAnalysisRunner static constructor.
RoslynAnalysisRunner will not be running.
RoslynAnalysisRunner has terminated.
Mono: successfully reloaded assembly
- Completed reload, in  0.870 seconds
Platform modules already initialized, skipping
Switching build target platform(5) subTarget(0) extendedPlatform(0) -> platform(13) subTarget(537395200) extendedPlatform(0)
Refreshing native plugins compatible for Editor in 0.55 ms, found 1 plugins.
Preloading 0 native plugins for Editor in 0.00 ms.
Unloading 1831 Unused Serialized files (Serialized files now loaded: 0)
System memory in use before: 89.7 MB.
System memory in use after: 89.7 MB.

Unloading 12 unused Assets to reduce memory usage. Loaded Objects now: 2368.
Total: 2.747300 ms (FindLiveObjects: 0.293700 ms CreateObjectMapping: 0.088200 ms MarkObjects: 2.229500 ms  DeleteObjects: 0.134500 ms)

AssetImportParameters requested are different than current active one (requested -> active):
  custom:graphics/normal-map-encoding: 01000000000000000000000000000000 -> 02000000000000000000000000000000
========================================================================
Received Prepare
Registering precompiled user dll's ...
Registered in 0.001800 seconds.
Begin MonoManager ReloadAssembly
Native extension for WindowsStandalone target not found
Refreshing native plugins compatible for Editor in 0.39 ms, found 1 plugins.
Preloading 0 native plugins for Editor in 0.00 ms.
Invoked RoslynAnalysisRunner static constructor.
RoslynAnalysisRunner will not be running.
RoslynAnalysisRunner has terminated.
Mono: successfully reloaded assembly
- Completed reload, in  0.906 seconds
Platform modules already initialized, skipping
Switching build target platform(5) subTarget(0) extendedPlatform(0) -> platform(13) subTarget(537395200) extendedPlatform(0)
Refreshing native plugins compatible for Editor in 0.34 ms, found 1 plugins.
Preloading 0 native plugins for Editor in 0.00 ms.
Unloading 1831 Unused Serialized files (Serialized files now loaded: 0)
System memory in use before: 89.7 MB.
System memory in use after: 89.7 MB.

Unloading 12 unused Assets to reduce memory usage. Loaded Objects now: 2372.
Total: 2.143500 ms (FindLiveObjects: 0.210000 ms CreateObjectMapping: 0.066000 ms MarkObjects: 1.764000 ms  DeleteObjects: 0.102400 ms)

AssetImportParameters requested are different than current active one (requested -> active):
  custom:graphics/normal-map-encoding: 01000000000000000000000000000000 -> 02000000000000000000000000000000
========================================================================
Received Prepare
Registering precompiled user dll's ...
Registered in 0.001349 seconds.
Begin MonoManager ReloadAssembly
Native extension for WindowsStandalone target not found
Refreshing native plugins compatible for Editor in 0.67 ms, found 1 plugins.
Preloading 0 native plugins for Editor in 0.00 ms.
Invoked RoslynAnalysisRunner static constructor.
RoslynAnalysisRunner will not be running.
RoslynAnalysisRunner has terminated.
Mono: successfully reloaded assembly
- Completed reload, in  0.887 seconds
Platform modules already initialized, skipping
Switching build target platform(5) subTarget(0) extendedPlatform(0) -> platform(13) subTarget(537395200) extendedPlatform(0)
Refreshing native plugins compatible for Editor in 0.34 ms, found 1 plugins.
Preloading 0 native plugins for Editor in 0.00 ms.
Unloading 1831 Unused Serialized files (Serialized files now loaded: 0)
System memory in use before: 89.8 MB.
System memory in use after: 89.8 MB.

Unloading 12 unused Assets to reduce memory usage. Loaded Objects now: 2376.
Total: 1.842900 ms (FindLiveObjects: 0.195400 ms CreateObjectMapping: 0.069500 ms MarkObjects: 1.471500 ms  DeleteObjects: 0.105500 ms)

AssetImportParameters requested are different than current active one (requested -> active):
  custom:graphics/normal-map-encoding: 01000000000000000000000000000000 -> 02000000000000000000000000000000
========================================================================
Received Prepare
Registering precompiled user dll's ...
Registered in 0.001773 seconds.
Begin MonoManager ReloadAssembly
Native extension for WindowsStandalone target not found
Refreshing native plugins compatible for Editor in 0.36 ms, found 1 plugins.
Preloading 0 native plugins for Editor in 0.00 ms.
Invoked RoslynAnalysisRunner static constructor.
RoslynAnalysisRunner will not be running.
RoslynAnalysisRunner has terminated.
Mono: successfully reloaded assembly
- Completed reload, in  0.854 seconds
Platform modules already initialized, skipping
Switching build target platform(5) subTarget(0) extendedPlatform(0) -> platform(13) subTarget(537395200) extendedPlatform(0)
Refreshing native plugins compatible for Editor in 0.34 ms, found 1 plugins.
Preloading 0 native plugins for Editor in 0.00 ms.
Unloading 1831 Unused Serialized files (Serialized files now loaded: 0)
System memory in use before: 89.8 MB.
System memory in use after: 89.8 MB.

Unloading 12 unused Assets to reduce memory usage. Loaded Objects now: 2380.
Total: 2.154700 ms (FindLiveObjects: 0.211000 ms CreateObjectMapping: 0.075400 ms MarkObjects: 1.763700 ms  DeleteObjects: 0.103500 ms)

AssetImportParameters requested are different than current active one (requested -> active):
  custom:graphics/normal-map-encoding: 01000000000000000000000000000000 -> 02000000000000000000000000000000
========================================================================
Received Import Request.
  Time since last request: 807.307551 seconds.
  path: Assets/Scenes/SiwonScene.unity
  artifactKey: Guid(18e859ad258ba614fbffebd91d5d88f5) Importer(815301076,1909f56bfc062723c751e8b465ee728b)
Start importing Assets/Scenes/SiwonScene.unity using Guid(18e859ad258ba614fbffebd91d5d88f5) Importer(815301076,1909f56bfc062723c751e8b465ee728b)  -> (artifact id: 'ac36dd9b5aa485ac0d460564716927f1') in 0.012622 seconds
  Import took 0.016029 seconds .

========================================================================
Received Prepare
Registering precompiled user dll's ...
Registered in 0.001897 seconds.
Begin MonoManager ReloadAssembly
Native extension for WindowsStandalone target not found
Refreshing native plugins compatible for Editor in 0.35 ms, found 1 plugins.
Preloading 0 native plugins for Editor in 0.00 ms.
Invoked RoslynAnalysisRunner static constructor.
RoslynAnalysisRunner will not be running.
RoslynAnalysisRunner has terminated.
Mono: successfully reloaded assembly
- Completed reload, in  0.852 seconds
Platform modules already initialized, skipping
Switching build target platform(5) subTarget(0) extendedPlatform(0) -> platform(13) subTarget(537395200) extendedPlatform(0)
Refreshing native plugins compatible for Editor in 0.34 ms, found 1 plugins.
Preloading 0 native plugins for Editor in 0.00 ms.
Unloading 1831 Unused Serialized files (Serialized files now loaded: 0)
System memory in use before: 89.8 MB.
System memory in use after: 89.8 MB.

Unloading 12 unused Assets to reduce memory usage. Loaded Objects now: 2384.
Total: 1.762600 ms (FindLiveObjects: 0.178900 ms CreateObjectMapping: 0.063400 ms MarkObjects: 1.418400 ms  DeleteObjects: 0.101100 ms)

AssetImportParameters requested are different than current active one (requested -> active):
  custom:graphics/normal-map-encoding: 01000000000000000000000000000000 -> 02000000000000000000000000000000
========================================================================
Received Prepare
Registering precompiled user dll's ...
Registered in 0.001326 seconds.
Begin MonoManager ReloadAssembly
Native extension for WindowsStandalone target not found
Refreshing native plugins compatible for Editor in 0.34 ms, found 1 plugins.
Preloading 0 native plugins for Editor in 0.00 ms.
Invoked RoslynAnalysisRunner static constructor.
RoslynAnalysisRunner will not be running.
RoslynAnalysisRunner has terminated.
Mono: successfully reloaded assembly
- Completed reload, in  0.911 seconds
Platform modules already initialized, skipping
Switching build target platform(5) subTarget(0) extendedPlatform(0) -> platform(13) subTarget(537395200) extendedPlatform(0)
Refreshing native plugins compatible for Editor in 0.33 ms, found 1 plugins.
Preloading 0 native plugins for Editor in 0.00 ms.
Unloading 1831 Unused Serialized files (Serialized files now loaded: 0)
System memory in use before: 89.8 MB.
System memory in use after: 89.8 MB.

Unloading 12 unused Assets to reduce memory usage. Loaded Objects now: 2388.
Total: 1.992400 ms (FindLiveObjects: 0.240600 ms CreateObjectMapping: 0.067600 ms MarkObjects: 1.584300 ms  DeleteObjects: 0.098400 ms)

AssetImportParameters requested are different than current active one (requested -> active):
  custom:graphics/normal-map-encoding: 01000000000000000000000000000000 -> 02000000000000000000000000000000
========================================================================
Received Import Request.
  Time since last request: 249.834215 seconds.
  path: Assets/Scenes/StartScene.unity
  artifactKey: Guid(e978959bfa2903e4c82eed1ff6aa80da) Importer(815301076,1909f56bfc062723c751e8b465ee728b)
Start importing Assets/Scenes/StartScene.unity using Guid(e978959bfa2903e4c82eed1ff6aa80da) Importer(815301076,1909f56bfc062723c751e8b465ee728b)  -> (artifact id: '14a546634255f24cae906c659b22fa4f') in 0.013388 seconds
  Import took 0.016527 seconds .

========================================================================
Received Import Request.
  Time since last request: 51.836993 seconds.
  path: Assets/Scenes/SiwonScene.unity
  artifactKey: Guid(18e859ad258ba614fbffebd91d5d88f5) Importer(815301076,1909f56bfc062723c751e8b465ee728b)
Start importing Assets/Scenes/SiwonScene.unity using Guid(18e859ad258ba614fbffebd91d5d88f5) Importer(815301076,1909f56bfc062723c751e8b465ee728b)  -> (artifact id: 'b08b78426016d65ee041aaceaa11bf5b') in 0.003493 seconds
  Import took 0.006880 seconds .

========================================================================
Received Import Request.
  Time since last request: 0.000757 seconds.
  path: Assets/Scenes/SiwonScene.unity
  artifactKey: Guid(18e859ad258ba614fbffebd91d5d88f5) Importer(815301076,1909f56bfc062723c751e8b465ee728b)
Start importing Assets/Scenes/SiwonScene.unity using Guid(18e859ad258ba614fbffebd91d5d88f5) Importer(815301076,1909f56bfc062723c751e8b465ee728b)  -> (artifact id: 'b08b78426016d65ee041aaceaa11bf5b') in 0.003565 seconds
  Import took 0.006993 seconds .

========================================================================
Received Prepare
Registering precompiled user dll's ...
Registered in 0.001313 seconds.
Begin MonoManager ReloadAssembly
Native extension for WindowsStandalone target not found
Refreshing native plugins compatible for Editor in 0.36 ms, found 1 plugins.
Preloading 0 native plugins for Editor in 0.00 ms.
Invoked RoslynAnalysisRunner static constructor.
RoslynAnalysisRunner will not be running.
RoslynAnalysisRunner has terminated.
Mono: successfully reloaded assembly
- Completed reload, in  0.861 seconds
Platform modules already initialized, skipping
Switching build target platform(5) subTarget(0) extendedPlatform(0) -> platform(13) subTarget(537395200) extendedPlatform(0)
Refreshing native plugins compatible for Editor in 0.34 ms, found 1 plugins.
Preloading 0 native plugins for Editor in 0.00 ms.
Unloading 1831 Unused Serialized files (Serialized files now loaded: 0)
System memory in use before: 89.8 MB.
System memory in use after: 89.8 MB.

Unloading 12 unused Assets to reduce memory usage. Loaded Objects now: 2392.
Total: 1.861600 ms (FindLiveObjects: 0.183100 ms CreateObjectMapping: 0.063000 ms MarkObjects: 1.515400 ms  DeleteObjects: 0.099000 ms)

AssetImportParameters requested are different than current active one (requested -> active):
  custom:graphics/normal-map-encoding: 01000000000000000000000000000000 -> 02000000000000000000000000000000
========================================================================
Received Prepare
Registering precompiled user dll's ...
Registered in 0.002166 seconds.
Begin MonoManager ReloadAssembly
Native extension for WindowsStandalone target not found
Refreshing native plugins compatible for Editor in 0.35 ms, found 1 plugins.
Preloading 0 native plugins for Editor in 0.00 ms.
Invoked RoslynAnalysisRunner static constructor.
RoslynAnalysisRunner will not be running.
RoslynAnalysisRunner has terminated.
Mono: successfully reloaded assembly
- Completed reload, in  0.925 seconds
Platform modules already initialized, skipping
Switching build target platform(5) subTarget(0) extendedPlatform(0) -> platform(13) subTarget(537395200) extendedPlatform(0)
Refreshing native plugins compatible for Editor in 0.33 ms, found 1 plugins.
Preloading 0 native plugins for Editor in 0.00 ms.
Unloading 1831 Unused Serialized files (Serialized files now loaded: 0)
System memory in use before: 89.8 MB.
System memory in use after: 89.8 MB.

Unloading 12 unused Assets to reduce memory usage. Loaded Objects now: 2396.
Total: 3.454600 ms (FindLiveObjects: 0.730800 ms CreateObjectMapping: 0.158900 ms MarkObjects: 2.412300 ms  DeleteObjects: 0.150700 ms)

AssetImportParameters requested are different than current active one (requested -> active):
  custom:graphics/normal-map-encoding: 01000000000000000000000000000000 -> 02000000000000000000000000000000
========================================================================
Received Prepare
Refreshing native plugins compatible for Editor in 1.99 ms, found 1 plugins.
Preloading 0 native plugins for Editor in 0.00 ms.
Unloading 10 Unused Serialized files (Serialized files now loaded: 0)
System memory in use before: 53.3 MB.
System memory in use after: 53.3 MB.

Unloading 10 unused Assets to reduce memory usage. Loaded Objects now: 2396.
Total: 1.899300 ms (FindLiveObjects: 0.205400 ms CreateObjectMapping: 0.065400 ms MarkObjects: 1.520600 ms  DeleteObjects: 0.106100 ms)

AssetImportWorkerClient::OnTransportError - code=2 error=End of file
