Using pre-set license
Built from '2020.3/staging' branch; Version is '2020.3.0f1 (c7b5465681fb) revision 13088070'; Using compiler version '192528614'; Build Type 'Release'
OS: 'Windows 10 Pro; OS build 19043.1237; Version 2009; 64bit' Language: 'ko' Physical Memory: 16167 MB
BatchMode: 1, IsHumanControllingUs: 0, StartBugReporterOnCrash: 0, Is64bit: 1, IsPro: 0

 COMMAND LINE ARGUMENTS:
C:\Program Files\Unity\Hub\Editor\2020.3.0f1\Editor\Unity.exe
-adb2
-batchMode
-noUpm
-name
AssetImportWorker0
-projectPath
D:/학습자료/홍익대학교(2019~)/ExP/21_2_게임잼/2021GameJam/ProjectFolder/Team4BugProject
-logFile
Logs/AssetImportWorker0.log
-srvPort
49874
Successfully changed project path to: D:/학습자료/홍익대학교(2019~)/ExP/21_2_게임잼/2021GameJam/ProjectFolder/Team4BugProject
D:/학습자료/홍익대학교(2019~)/ExP/21_2_게임잼/2021GameJam/ProjectFolder/Team4BugProject
Using Asset Import Pipeline V2.
Refreshing native plugins compatible for Editor in 30.31 ms, found 1 plugins.
Preloading 0 native plugins for Editor in 0.00 ms.
Initialize engine version: 2020.3.0f1 (c7b5465681fb)
[Subsystems] Discovering subsystems at path C:/Program Files/Unity/Hub/Editor/2020.3.0f1/Editor/Data/Resources/UnitySubsystems
[Subsystems] Discovering subsystems at path D:/학습자료/홍익대학교(2019~)/ExP/21_2_게임잼/2021GameJam/ProjectFolder/Team4BugProject/Assets
GfxDevice: creating device client; threaded=0
Direct3D:
    Version:  Direct3D 11.0 [level 11.1]
    Renderer: NVIDIA GeForce MX450 (ID=0x1f98)
    Vendor:   
    VRAM:     1928 MB
    Driver:   27.21.14.6143
Initialize mono
Mono path[0] = 'C:/Program Files/Unity/Hub/Editor/2020.3.0f1/Editor/Data/Managed'
Mono path[1] = 'C:/Program Files/Unity/Hub/Editor/2020.3.0f1/Editor/Data/MonoBleedingEdge/lib/mono/unityjit'
Mono config path = 'C:/Program Files/Unity/Hub/Editor/2020.3.0f1/Editor/Data/MonoBleedingEdge/etc'
Using monoOptions --debugger-agent=transport=dt_socket,embedding=1,server=y,suspend=n,address=127.0.0.1:56792
Begin MonoManager ReloadAssembly
Registering precompiled unity dll's ...
Register platform support module: C:/Program Files/Unity/Hub/Editor/2020.3.0f1/Editor/Data/PlaybackEngines/WindowsStandaloneSupport/UnityEditor.WindowsStandalone.Extensions.dll
Registered in 0.001267 seconds.
Native extension for WindowsStandalone target not found
Refreshing native plugins compatible for Editor in 28.63 ms, found 1 plugins.
Preloading 0 native plugins for Editor in 0.00 ms.
Invoked RoslynAnalysisRunner static constructor.
RoslynAnalysisRunner will not be running.
RoslynAnalysisRunner has terminated.
Mono: successfully reloaded assembly
- Completed reload, in  0.817 seconds
Platform modules already initialized, skipping
Registering precompiled user dll's ...
Registered in 0.000674 seconds.
Begin MonoManager ReloadAssembly
Symbol file data-000001CFEC4B0010 doesn't match image D:\학습자료\홍익대학교(2019~)\ExP\21_2_게임잼\2021GameJam\ProjectFolder\Team4BugProject\Library\ScriptAssemblies\Unity.2D.Animation.Editor.dll
Symbol file LoadedFromMemory is not a mono symbol file
Symbol file data-000001CFF1BADC00 doesn't match image D:\학습자료\홍익대학교(2019~)\ExP\21_2_게임잼\2021GameJam\ProjectFolder\Team4BugProject\Library\ScriptAssemblies\Unity.InternalAPIEngineBridge.001.dll
Symbol file LoadedFromMemory is not a mono symbol file
Symbol file data-000001CFF1FC5A30 doesn't match image D:\학습자료\홍익대학교(2019~)\ExP\21_2_게임잼\2021GameJam\ProjectFolder\Team4BugProject\Library\ScriptAssemblies\Unity.VSCode.Editor.dll
Symbol file LoadedFromMemory is not a mono symbol file
Symbol file data-000001CFEC0D1CF0 doesn't match image D:\학습자료\홍익대학교(2019~)\ExP\21_2_게임잼\2021GameJam\ProjectFolder\Team4BugProject\Library\ScriptAssemblies\Unity.2D.PixelPerfect.dll
Symbol file LoadedFromMemory is not a mono symbol file
Symbol file data-000001CFF0756010 doesn't match image D:\학습자료\홍익대학교(2019~)\ExP\21_2_게임잼\2021GameJam\ProjectFolder\Team4BugProject\Library\ScriptAssemblies\Unity.2D.Tilemap.Editor.dll
Symbol file LoadedFromMemory is not a mono symbol file
Symbol file data-000001CFF0756010 doesn't match image D:\학습자료\홍익대학교(2019~)\ExP\21_2_게임잼\2021GameJam\ProjectFolder\Team4BugProject\Library\ScriptAssemblies\PsdPlugin.dll
Symbol file LoadedFromMemory is not a mono symbol file
Symbol file data-000001CFF0756010 doesn't match image D:\학습자료\홍익대학교(2019~)\ExP\21_2_게임잼\2021GameJam\ProjectFolder\Team4BugProject\Library\ScriptAssemblies\Unity.TextMeshPro.Editor.dll
Symbol file LoadedFromMemory is not a mono symbol file
Symbol file data-000001CFEC0A5C40 doesn't match image D:\학습자료\홍익대학교(2019~)\ExP\21_2_게임잼\2021GameJam\ProjectFolder\Team4BugProject\Library\ScriptAssemblies\Unity.VisualStudio.Editor.dll
Symbol file LoadedFromMemory is not a mono symbol file
Symbol file data-000001CFF0756010 doesn't match image D:\학습자료\홍익대학교(2019~)\ExP\21_2_게임잼\2021GameJam\ProjectFolder\Team4BugProject\Library\ScriptAssemblies\UnityEngine.TestRunner.dll
Symbol file LoadedFromMemory is not a mono symbol file
Symbol file data-000001CFEC4CF420 doesn't match image D:\학습자료\홍익대학교(2019~)\ExP\21_2_게임잼\2021GameJam\ProjectFolder\Team4BugProject\Library\ScriptAssemblies\Unity.Timeline.dll
Symbol file LoadedFromMemory is not a mono symbol file
Symbol file data-000001CFF1390030 doesn't match image D:\학습자료\홍익대학교(2019~)\ExP\21_2_게임잼\2021GameJam\ProjectFolder\Team4BugProject\Library\ScriptAssemblies\Unity.TextMeshPro.dll
Symbol file LoadedFromMemory is not a mono symbol file
Symbol file data-000001CFF07701F0 doesn't match image D:\학습자료\홍익대학교(2019~)\ExP\21_2_게임잼\2021GameJam\ProjectFolder\Team4BugProject\Library\ScriptAssemblies\UnityEditor.TestRunner.dll
Symbol file LoadedFromMemory is not a mono symbol file
Symbol file data-000001CFF1663C20 doesn't match image D:\학습자료\홍익대학교(2019~)\ExP\21_2_게임잼\2021GameJam\ProjectFolder\Team4BugProject\Library\ScriptAssemblies\Unity.2D.IK.Editor.dll
Symbol file LoadedFromMemory is not a mono symbol file
Symbol file data-000001CFEC4CF420 doesn't match image D:\학습자료\홍익대학교(2019~)\ExP\21_2_게임잼\2021GameJam\ProjectFolder\Team4BugProject\Library\ScriptAssemblies\Unity.2D.Sprite.Editor.dll
Symbol file LoadedFromMemory is not a mono symbol file
Symbol file data-000001CFECB3C030 doesn't match image D:\학습자료\홍익대학교(2019~)\ExP\21_2_게임잼\2021GameJam\ProjectFolder\Team4BugProject\Library\ScriptAssemblies\Unity.2D.Psdimporter.Editor.dll
Symbol file LoadedFromMemory is not a mono symbol file
Symbol file data-000001CFF075E020 doesn't match image D:\학습자료\홍익대학교(2019~)\ExP\21_2_게임잼\2021GameJam\ProjectFolder\Team4BugProject\Library\ScriptAssemblies\Unity.2D.Path.Editor.dll
Symbol file LoadedFromMemory is not a mono symbol file
Symbol file data-000001CFEC237E90 doesn't match image D:\학습자료\홍익대학교(2019~)\ExP\21_2_게임잼\2021GameJam\ProjectFolder\Team4BugProject\Library\ScriptAssemblies\Unity.InternalAPIEditorBridge.001.dll
Symbol file LoadedFromMemory is not a mono symbol file
Symbol file data-000001CFECB3C030 doesn't match image D:\학습자료\홍익대학교(2019~)\ExP\21_2_게임잼\2021GameJam\ProjectFolder\Team4BugProject\Library\ScriptAssemblies\UnityEditor.UI.dll
Symbol file LoadedFromMemory is not a mono symbol file
Symbol file data-000001CFF1B19EA0 doesn't match image D:\학습자료\홍익대학교(2019~)\ExP\21_2_게임잼\2021GameJam\ProjectFolder\Team4BugProject\Library\ScriptAssemblies\Unity.Rider.Editor.dll
Symbol file LoadedFromMemory is not a mono symbol file
Symbol file data-000001CFF0816020 doesn't match image D:\학습자료\홍익대학교(2019~)\ExP\21_2_게임잼\2021GameJam\ProjectFolder\Team4BugProject\Library\ScriptAssemblies\UnityEngine.UI.dll
Symbol file LoadedFromMemory is not a mono symbol file
Symbol file data-000001CFF1493630 doesn't match image D:\학습자료\홍익대학교(2019~)\ExP\21_2_게임잼\2021GameJam\ProjectFolder\Team4BugProject\Library\ScriptAssemblies\Unity.Mathematics.dll
Symbol file LoadedFromMemory is not a mono symbol file
Symbol file data-000001CFF13CF650 doesn't match image D:\학습자료\홍익대학교(2019~)\ExP\21_2_게임잼\2021GameJam\ProjectFolder\Team4BugProject\Library\ScriptAssemblies\Unity.2D.IK.Runtime.dll
Symbol file LoadedFromMemory is not a mono symbol file
Symbol file data-000001CFF09DC020 doesn't match image D:\학습자료\홍익대학교(2019~)\ExP\21_2_게임잼\2021GameJam\ProjectFolder\Team4BugProject\Library\ScriptAssemblies\Unity.2D.Animation.Triangle.Runtime.dll
Symbol file LoadedFromMemory is not a mono symbol file
Symbol file data-000001CFF0B16040 doesn't match image D:\학습자료\홍익대학교(2019~)\ExP\21_2_게임잼\2021GameJam\ProjectFolder\Team4BugProject\Library\ScriptAssemblies\Unity.2D.Animation.Runtime.dll
Symbol file LoadedFromMemory is not a mono symbol file
Symbol file data-000001CFEC230470 doesn't match image D:\학습자료\홍익대학교(2019~)\ExP\21_2_게임잼\2021GameJam\ProjectFolder\Team4BugProject\Library\ScriptAssemblies\Unity.2D.PixelPerfect.Editor.dll
Symbol file LoadedFromMemory is not a mono symbol file
Symbol file data-000001CFF09DC020 doesn't match image D:\학습자료\홍익대학교(2019~)\ExP\21_2_게임잼\2021GameJam\ProjectFolder\Team4BugProject\Library\ScriptAssemblies\Unity.Timeline.Editor.dll
Symbol file LoadedFromMemory is not a mono symbol file
Symbol file data-000001CFEC4CF420 doesn't match image D:\학습자료\홍익대학교(2019~)\ExP\21_2_게임잼\2021GameJam\ProjectFolder\Team4BugProject\Library\ScriptAssemblies\Unity.CollabProxy.Editor.dll
Symbol file LoadedFromMemory is not a mono symbol file
Symbol file data-000001CFEC0D47F0 doesn't match image D:\학습자료\홍익대학교(2019~)\ExP\21_2_게임잼\2021GameJam\ProjectFolder\Team4BugProject\Library\ScriptAssemblies\Unity.Mathematics.Editor.dll
Symbol file LoadedFromMemory is not a mono symbol file
Symbol file data-000001CFF1C7E480 doesn't match image D:\학습자료\홍익대학교(2019~)\ExP\21_2_게임잼\2021GameJam\ProjectFolder\Team4BugProject\Library\ScriptAssemblies\Unity.2D.Common.Runtime.dll
Symbol file LoadedFromMemory is not a mono symbol file
Symbol file data-000001CFEC3280C0 doesn't match image D:\학습자료\홍익대학교(2019~)\ExP\21_2_게임잼\2021GameJam\ProjectFolder\Team4BugProject\Library\ScriptAssemblies\Unity.2D.SpriteShape.Editor.dll
Symbol file LoadedFromMemory is not a mono symbol file
Symbol file data-000001CFF13CF650 doesn't match image D:\학습자료\홍익대학교(2019~)\ExP\21_2_게임잼\2021GameJam\ProjectFolder\Team4BugProject\Library\ScriptAssemblies\Unity.2D.Common.Editor.dll
Symbol file LoadedFromMemory is not a mono symbol file
Symbol file data-000001CFEC4CF420 doesn't match image D:\학습자료\홍익대학교(2019~)\ExP\21_2_게임잼\2021GameJam\ProjectFolder\Team4BugProject\Library\ScriptAssemblies\Unity.2D.SpriteShape.Runtime.dll
Symbol file LoadedFromMemory is not a mono symbol file
Native extension for WindowsStandalone target not found
Refreshing native plugins compatible for Editor in 29.09 ms, found 1 plugins.
Preloading 0 native plugins for Editor in 0.00 ms.
Invoked RoslynAnalysisRunner static constructor.
RoslynAnalysisRunner will not be running.
RoslynAnalysisRunner has terminated.
Mono: successfully reloaded assembly
- Completed reload, in  0.731 seconds
Platform modules already initialized, skipping
========================================================================
Worker process is ready to serve import requests
Launched and connected shader compiler UnityShaderCompiler.exe after 0.03 seconds
Refreshing native plugins compatible for Editor in 0.31 ms, found 1 plugins.
Preloading 0 native plugins for Editor in 0.00 ms.
Unloading 1823 Unused Serialized files (Serialized files now loaded: 0)
System memory in use before: 85.8 MB.
System memory in use after: 85.7 MB.

Unloading 24 unused Assets to reduce memory usage. Loaded Objects now: 2267.
Total: 1.644800 ms (FindLiveObjects: 0.134400 ms CreateObjectMapping: 0.037900 ms MarkObjects: 1.357800 ms  DeleteObjects: 0.113500 ms)

========================================================================
Received Import Request.
  path: Assets/Scripts/Manager
  artifactKey: Guid(4915fbd35ab80ef47a61b88b8b55d510) Importer(815301076,1909f56bfc062723c751e8b465ee728b)
Start importing Assets/Scripts/Manager using Guid(4915fbd35ab80ef47a61b88b8b55d510) Importer(815301076,1909f56bfc062723c751e8b465ee728b)  -> (artifact id: '230de70e3abc04c290b5b2d0abe15751') in 0.097124 seconds
  Import took 0.100445 seconds .

========================================================================
Received Import Request.
  Time since last request: 0.000174 seconds.
  path: Assets/Scripts
  artifactKey: Guid(c01a7c492f19e1d488f4787211ed6a9e) Importer(815301076,1909f56bfc062723c751e8b465ee728b)
Start importing Assets/Scripts using Guid(c01a7c492f19e1d488f4787211ed6a9e) Importer(815301076,1909f56bfc062723c751e8b465ee728b)  -> (artifact id: 'b8d3bcf979ec8a95543adc3f05e34958') in 0.028443 seconds
  Import took 0.031040 seconds .

========================================================================
Received Import Request.
  Time since last request: 22.966505 seconds.
  path: Assets/Scripts/Manager/DesireChangeManager.cs
  artifactKey: Guid(ca87e84df54f0e548b823891be1062d5) Importer(815301076,1909f56bfc062723c751e8b465ee728b)
Start importing Assets/Scripts/Manager/DesireChangeManager.cs using Guid(ca87e84df54f0e548b823891be1062d5) Importer(815301076,1909f56bfc062723c751e8b465ee728b)  -> (artifact id: '38d7b5dcba74c5cf3523f91510ba83ed') in 0.042864 seconds
  Import took 0.045464 seconds .

========================================================================
Received Import Request.
  Time since last request: 5.695647 seconds.
  path: Assets/Scripts/Class
  artifactKey: Guid(9e6e91c65514cb9499afd59de26c3fdd) Importer(815301076,1909f56bfc062723c751e8b465ee728b)
Start importing Assets/Scripts/Class using Guid(9e6e91c65514cb9499afd59de26c3fdd) Importer(815301076,1909f56bfc062723c751e8b465ee728b)  -> (artifact id: 'b9f76bfa2818fcf9f792f5bc6da1ea76') in 0.032024 seconds
  Import took 0.034807 seconds .

========================================================================
Received Import Request.
  Time since last request: 2.445688 seconds.
  path: Assets/Scripts/Manager/BugCatchManager.cs
  artifactKey: Guid(abb486c8c18508e47b1c991d3ce7b721) Importer(815301076,1909f56bfc062723c751e8b465ee728b)
Start importing Assets/Scripts/Manager/BugCatchManager.cs using Guid(abb486c8c18508e47b1c991d3ce7b721) Importer(815301076,1909f56bfc062723c751e8b465ee728b)  -> (artifact id: '2b49b7de61521428da92f040f9e3a0ab') in 0.026476 seconds
  Import took 0.029023 seconds .

========================================================================
Received Import Request.
  Time since last request: 0.737967 seconds.
  path: Assets/Scripts/Manager/BugMoveManager.cs
  artifactKey: Guid(70893eac74c3d9645a701a59def7aa8d) Importer(815301076,1909f56bfc062723c751e8b465ee728b)
Start importing Assets/Scripts/Manager/BugMoveManager.cs using Guid(70893eac74c3d9645a701a59def7aa8d) Importer(815301076,1909f56bfc062723c751e8b465ee728b)  -> (artifact id: 'f64cf95eefda7f6d2f4b40ee4e0b4ab1') in 0.028764 seconds
  Import took 0.031310 seconds .

========================================================================
Received Import Request.
  Time since last request: 2.420512 seconds.
  path: Assets/Scripts/Manager/BugSpawnManager.cs
  artifactKey: Guid(afec237d61e8b6a40b7595a676feffbd) Importer(815301076,1909f56bfc062723c751e8b465ee728b)
Start importing Assets/Scripts/Manager/BugSpawnManager.cs using Guid(afec237d61e8b6a40b7595a676feffbd) Importer(815301076,1909f56bfc062723c751e8b465ee728b)  -> (artifact id: '6d30d61ec54e85887de4a0a1cd9133fc') in 0.029000 seconds
  Import took 0.031709 seconds .

========================================================================
Received Import Request.
  Time since last request: 1.726678 seconds.
  path: Assets/Scripts/Manager/ButtonManager.cs
  artifactKey: Guid(2116004fa7bb9e54ea0c0f81fad0fc2a) Importer(815301076,1909f56bfc062723c751e8b465ee728b)
Start importing Assets/Scripts/Manager/ButtonManager.cs using Guid(2116004fa7bb9e54ea0c0f81fad0fc2a) Importer(815301076,1909f56bfc062723c751e8b465ee728b)  -> (artifact id: '65299ed2463c9380e820cc56dcb75b72') in 0.030447 seconds
  Import took 0.033096 seconds .

========================================================================
Received Import Request.
  Time since last request: 6.348623 seconds.
  path: Assets/Scripts/Manager/JsonManager.cs
  artifactKey: Guid(673b903081b32914a89b5b3b6a774211) Importer(815301076,1909f56bfc062723c751e8b465ee728b)
Start importing Assets/Scripts/Manager/JsonManager.cs using Guid(673b903081b32914a89b5b3b6a774211) Importer(815301076,1909f56bfc062723c751e8b465ee728b)  -> (artifact id: '4ef21ca14f3174fff3f3ebbfb6427c22') in 0.028473 seconds
  Import took 0.031045 seconds .

========================================================================
Received Prepare
Registering precompiled user dll's ...
Registered in 0.000725 seconds.
Begin MonoManager ReloadAssembly
Symbol file data-000001CFEC4B0010 doesn't match image D:\학습자료\홍익대학교(2019~)\ExP\21_2_게임잼\2021GameJam\ProjectFolder\Team4BugProject\Library\ScriptAssemblies\Unity.2D.Animation.Editor.dll
Symbol file LoadedFromMemory is not a mono symbol file
Symbol file data-000001CFF37D4630 doesn't match image D:\학습자료\홍익대학교(2019~)\ExP\21_2_게임잼\2021GameJam\ProjectFolder\Team4BugProject\Library\ScriptAssemblies\Unity.InternalAPIEngineBridge.001.dll
Symbol file LoadedFromMemory is not a mono symbol file
Symbol file data-000001CFF35CA120 doesn't match image D:\학습자료\홍익대학교(2019~)\ExP\21_2_게임잼\2021GameJam\ProjectFolder\Team4BugProject\Library\ScriptAssemblies\Unity.VSCode.Editor.dll
Symbol file LoadedFromMemory is not a mono symbol file
Symbol file data-000001CFF3882020 doesn't match image D:\학습자료\홍익대학교(2019~)\ExP\21_2_게임잼\2021GameJam\ProjectFolder\Team4BugProject\Library\ScriptAssemblies\Unity.2D.PixelPerfect.dll
Symbol file LoadedFromMemory is not a mono symbol file
Symbol file data-000001CFEC39CA30 doesn't match image D:\학습자료\홍익대학교(2019~)\ExP\21_2_게임잼\2021GameJam\ProjectFolder\Team4BugProject\Library\ScriptAssemblies\Unity.2D.Tilemap.Editor.dll
Symbol file LoadedFromMemory is not a mono symbol file
Symbol file data-000001CFEC39CA30 doesn't match image D:\학습자료\홍익대학교(2019~)\ExP\21_2_게임잼\2021GameJam\ProjectFolder\Team4BugProject\Library\ScriptAssemblies\PsdPlugin.dll
Symbol file LoadedFromMemory is not a mono symbol file
Symbol file data-000001CFEC39CA30 doesn't match image D:\학습자료\홍익대학교(2019~)\ExP\21_2_게임잼\2021GameJam\ProjectFolder\Team4BugProject\Library\ScriptAssemblies\Unity.TextMeshPro.Editor.dll
Symbol file LoadedFromMemory is not a mono symbol file
Symbol file data-000001CFECB68DF0 doesn't match image D:\학습자료\홍익대학교(2019~)\ExP\21_2_게임잼\2021GameJam\ProjectFolder\Team4BugProject\Library\ScriptAssemblies\Unity.VisualStudio.Editor.dll
Symbol file LoadedFromMemory is not a mono symbol file
Symbol file data-000001CFEC39CA30 doesn't match image D:\학습자료\홍익대학교(2019~)\ExP\21_2_게임잼\2021GameJam\ProjectFolder\Team4BugProject\Library\ScriptAssemblies\UnityEngine.TestRunner.dll
Symbol file LoadedFromMemory is not a mono symbol file
Symbol file data-000001CFEC39CA30 doesn't match image D:\학습자료\홍익대학교(2019~)\ExP\21_2_게임잼\2021GameJam\ProjectFolder\Team4BugProject\Library\ScriptAssemblies\Unity.Timeline.dll
Symbol file LoadedFromMemory is not a mono symbol file
Symbol file data-000001CFF14F2020 doesn't match image D:\학습자료\홍익대학교(2019~)\ExP\21_2_게임잼\2021GameJam\ProjectFolder\Team4BugProject\Library\ScriptAssemblies\Unity.TextMeshPro.dll
Symbol file LoadedFromMemory is not a mono symbol file
Symbol file data-000001CFEC722B30 doesn't match image D:\학습자료\홍익대학교(2019~)\ExP\21_2_게임잼\2021GameJam\ProjectFolder\Team4BugProject\Library\ScriptAssemblies\UnityEditor.TestRunner.dll
Symbol file LoadedFromMemory is not a mono symbol file
Symbol file data-000001CFF0A6DA30 doesn't match image D:\학습자료\홍익대학교(2019~)\ExP\21_2_게임잼\2021GameJam\ProjectFolder\Team4BugProject\Library\ScriptAssemblies\Unity.2D.IK.Editor.dll
Symbol file LoadedFromMemory is not a mono symbol file
Symbol file data-000001CFEC39CA30 doesn't match image D:\학습자료\홍익대학교(2019~)\ExP\21_2_게임잼\2021GameJam\ProjectFolder\Team4BugProject\Library\ScriptAssemblies\Unity.2D.Sprite.Editor.dll
Symbol file LoadedFromMemory is not a mono symbol file
Symbol file data-000001CFF09FB430 doesn't match image D:\학습자료\홍익대학교(2019~)\ExP\21_2_게임잼\2021GameJam\ProjectFolder\Team4BugProject\Library\ScriptAssemblies\Unity.2D.Psdimporter.Editor.dll
Symbol file LoadedFromMemory is not a mono symbol file
Symbol file data-000001CFF2EA0010 doesn't match image D:\학습자료\홍익대학교(2019~)\ExP\21_2_게임잼\2021GameJam\ProjectFolder\Team4BugProject\Library\ScriptAssemblies\Unity.2D.Path.Editor.dll
Symbol file LoadedFromMemory is not a mono symbol file
Symbol file data-000001CFF1B1DCA0 doesn't match image D:\학습자료\홍익대학교(2019~)\ExP\21_2_게임잼\2021GameJam\ProjectFolder\Team4BugProject\Library\ScriptAssemblies\Unity.InternalAPIEditorBridge.001.dll
Symbol file LoadedFromMemory is not a mono symbol file
Symbol file data-000001CFF09FB430 doesn't match image D:\학습자료\홍익대학교(2019~)\ExP\21_2_게임잼\2021GameJam\ProjectFolder\Team4BugProject\Library\ScriptAssemblies\UnityEditor.UI.dll
Symbol file LoadedFromMemory is not a mono symbol file
Symbol file data-000001CFEC1CDCD0 doesn't match image D:\학습자료\홍익대학교(2019~)\ExP\21_2_게임잼\2021GameJam\ProjectFolder\Team4BugProject\Library\ScriptAssemblies\Unity.Rider.Editor.dll
Symbol file LoadedFromMemory is not a mono symbol file
Symbol file data-000001CFECB423D0 doesn't match image D:\학습자료\홍익대학교(2019~)\ExP\21_2_게임잼\2021GameJam\ProjectFolder\Team4BugProject\Library\ScriptAssemblies\UnityEngine.UI.dll
Symbol file LoadedFromMemory is not a mono symbol file
Symbol file data-000001CFF1493630 doesn't match image D:\학습자료\홍익대학교(2019~)\ExP\21_2_게임잼\2021GameJam\ProjectFolder\Team4BugProject\Library\ScriptAssemblies\Unity.Mathematics.dll
Symbol file LoadedFromMemory is not a mono symbol file
Symbol file data-000001CFF2E7BC40 doesn't match image D:\학습자료\홍익대학교(2019~)\ExP\21_2_게임잼\2021GameJam\ProjectFolder\Team4BugProject\Library\ScriptAssemblies\Unity.2D.IK.Runtime.dll
Symbol file LoadedFromMemory is not a mono symbol file
Symbol file data-000001CFECB423D0 doesn't match image D:\학습자료\홍익대학교(2019~)\ExP\21_2_게임잼\2021GameJam\ProjectFolder\Team4BugProject\Library\ScriptAssemblies\Unity.2D.Animation.Triangle.Runtime.dll
Symbol file LoadedFromMemory is not a mono symbol file
Symbol file data-000001CFF327A620 doesn't match image D:\학습자료\홍익대학교(2019~)\ExP\21_2_게임잼\2021GameJam\ProjectFolder\Team4BugProject\Library\ScriptAssemblies\Unity.2D.Animation.Runtime.dll
Symbol file LoadedFromMemory is not a mono symbol file
Symbol file data-000001CFF1B1DCA0 doesn't match image D:\학습자료\홍익대학교(2019~)\ExP\21_2_게임잼\2021GameJam\ProjectFolder\Team4BugProject\Library\ScriptAssemblies\Unity.2D.PixelPerfect.Editor.dll
Symbol file LoadedFromMemory is not a mono symbol file
Symbol file data-000001CFF33FDE10 doesn't match image D:\학습자료\홍익대학교(2019~)\ExP\21_2_게임잼\2021GameJam\ProjectFolder\Team4BugProject\Library\ScriptAssemblies\Unity.Timeline.Editor.dll
Symbol file LoadedFromMemory is not a mono symbol file
Symbol file data-000001CFECB4ADE0 doesn't match image D:\학습자료\홍익대학교(2019~)\ExP\21_2_게임잼\2021GameJam\ProjectFolder\Team4BugProject\Library\ScriptAssemblies\Unity.CollabProxy.Editor.dll
Symbol file LoadedFromMemory is not a mono symbol file
Symbol file data-000001CFF3882020 doesn't match image D:\학습자료\홍익대학교(2019~)\ExP\21_2_게임잼\2021GameJam\ProjectFolder\Team4BugProject\Library\ScriptAssemblies\Unity.Mathematics.Editor.dll
Symbol file LoadedFromMemory is not a mono symbol file
Symbol file data-000001CFF1E90E90 doesn't match image D:\학습자료\홍익대학교(2019~)\ExP\21_2_게임잼\2021GameJam\ProjectFolder\Team4BugProject\Library\ScriptAssemblies\Unity.2D.Common.Runtime.dll
Symbol file LoadedFromMemory is not a mono symbol file
Symbol file data-000001CFF09FB430 doesn't match image D:\학습자료\홍익대학교(2019~)\ExP\21_2_게임잼\2021GameJam\ProjectFolder\Team4BugProject\Library\ScriptAssemblies\Unity.2D.SpriteShape.Editor.dll
Symbol file LoadedFromMemory is not a mono symbol file
Symbol file data-000001CFF0A6DA30 doesn't match image D:\학습자료\홍익대학교(2019~)\ExP\21_2_게임잼\2021GameJam\ProjectFolder\Team4BugProject\Library\ScriptAssemblies\Unity.2D.Common.Editor.dll
Symbol file LoadedFromMemory is not a mono symbol file
Symbol file data-000001CFF1C6FE20 doesn't match image D:\학습자료\홍익대학교(2019~)\ExP\21_2_게임잼\2021GameJam\ProjectFolder\Team4BugProject\Library\ScriptAssemblies\Unity.2D.SpriteShape.Runtime.dll
Symbol file LoadedFromMemory is not a mono symbol file
Native extension for WindowsStandalone target not found
Refreshing native plugins compatible for Editor in 0.32 ms, found 1 plugins.
Preloading 0 native plugins for Editor in 0.00 ms.
Invoked RoslynAnalysisRunner static constructor.
RoslynAnalysisRunner will not be running.
RoslynAnalysisRunner has terminated.
Mono: successfully reloaded assembly
- Completed reload, in  0.696 seconds
Platform modules already initialized, skipping
Refreshing native plugins compatible for Editor in 0.32 ms, found 1 plugins.
Preloading 0 native plugins for Editor in 0.00 ms.
Unloading 1818 Unused Serialized files (Serialized files now loaded: 0)
System memory in use before: 85.7 MB.
System memory in use after: 85.7 MB.

Unloading 12 unused Assets to reduce memory usage. Loaded Objects now: 2271.
Total: 1.574600 ms (FindLiveObjects: 0.134300 ms CreateObjectMapping: 0.034200 ms MarkObjects: 1.301000 ms  DeleteObjects: 0.103800 ms)

AssetImportWorkerClient::OnTransportError - code=2 error=End of file
